<?xml version="1.0"?>
<testsuite name="PhantomJS 2.1.1 (Windows 8 0.0.0)" package="" timestamp="2018-02-27T11:03:58" id="0" hostname="WendellNUC" tests="2423" errors="0" failures="0" time="0.514">
  <properties>
    <property name="browser.fullName" value="Mozilla/5.0 (Windows NT 6.2; WOW64) AppleWebKit/538.1 (KHTML, like Gecko) PhantomJS/2.1.1 Safari/538.1"/>
  </properties>
  <testcase name="Inventory.model.AdjustItemOwner Ext object should be a valid Ext object" time="0.002" classname="PhantomJS_2_1_1_(Windows_8_0_0_0).Inventory.model.AdjustItemOwner"/>
  <testcase name="Inventory.model.AdjustItemOwner config should exists" time="0" classname="PhantomJS_2_1_1_(Windows_8_0_0_0).Inventory.model.AdjustItemOwner"/>
  <testcase name="Inventory.model.AdjustItemOwner config should be derived from iRely.BaseEntity" time="0.015" classname="PhantomJS_2_1_1_(Windows_8_0_0_0).Inventory.model.AdjustItemOwner"/>
  <testcase name="Inventory.model.AdjustItemOwner config should have an idProperty" time="0" classname="PhantomJS_2_1_1_(Windows_8_0_0_0).Inventory.model.AdjustItemOwner"/>
  <testcase name="Inventory.model.AdjustItemOwner config fields should have the correct fields" time="0.003" classname="PhantomJS_2_1_1_(Windows_8_0_0_0).Inventory.model.AdjustItemOwner"/>
  <testcase name="Inventory.model.AdjustItemOwner config fields should have reference model(s)" time="0" classname="PhantomJS_2_1_1_(Windows_8_0_0_0).Inventory.model.AdjustItemOwner"/>
  <testcase name="Inventory.model.AdjustmentDetail Ext object should be a valid Ext object" time="0" classname="PhantomJS_2_1_1_(Windows_8_0_0_0).Inventory.model.AdjustmentDetail"/>
  <testcase name="Inventory.model.AdjustmentDetail config should exists" time="0" classname="PhantomJS_2_1_1_(Windows_8_0_0_0).Inventory.model.AdjustmentDetail"/>
  <testcase name="Inventory.model.AdjustmentDetail config should be derived from iRely.BaseEntity" time="0" classname="PhantomJS_2_1_1_(Windows_8_0_0_0).Inventory.model.AdjustmentDetail"/>
  <testcase name="Inventory.model.AdjustmentDetail config should have an idProperty" time="0" classname="PhantomJS_2_1_1_(Windows_8_0_0_0).Inventory.model.AdjustmentDetail"/>
  <testcase name="Inventory.model.AdjustmentDetail config fields should have the correct fields" time="0.003" classname="PhantomJS_2_1_1_(Windows_8_0_0_0).Inventory.model.AdjustmentDetail"/>
  <testcase name="Inventory.model.AdjustmentDetail config fields should have reference model(s)" time="0.001" classname="PhantomJS_2_1_1_(Windows_8_0_0_0).Inventory.model.AdjustmentDetail"/>
  <testcase name="Inventory.model.AdjustmentNote Ext object should be a valid Ext object" time="0" classname="PhantomJS_2_1_1_(Windows_8_0_0_0).Inventory.model.AdjustmentNote"/>
  <testcase name="Inventory.model.AdjustmentNote config should exists" time="0.001" classname="PhantomJS_2_1_1_(Windows_8_0_0_0).Inventory.model.AdjustmentNote"/>
  <testcase name="Inventory.model.AdjustmentNote config should be derived from iRely.BaseEntity" time="0" classname="PhantomJS_2_1_1_(Windows_8_0_0_0).Inventory.model.AdjustmentNote"/>
  <testcase name="Inventory.model.AdjustmentNote config should have an idProperty" time="0" classname="PhantomJS_2_1_1_(Windows_8_0_0_0).Inventory.model.AdjustmentNote"/>
  <testcase name="Inventory.model.AdjustmentNote config fields should have the correct fields" time="0" classname="PhantomJS_2_1_1_(Windows_8_0_0_0).Inventory.model.AdjustmentNote"/>
  <testcase name="Inventory.model.AdjustmentNote config fields should have reference model(s)" time="0" classname="PhantomJS_2_1_1_(Windows_8_0_0_0).Inventory.model.AdjustmentNote"/>
  <testcase name="Inventory.model.Adjustment Ext object should be a valid Ext object" time="0" classname="PhantomJS_2_1_1_(Windows_8_0_0_0).Inventory.model.Adjustment"/>
  <testcase name="Inventory.model.Adjustment config should exists" time="0" classname="PhantomJS_2_1_1_(Windows_8_0_0_0).Inventory.model.Adjustment"/>
  <testcase name="Inventory.model.Adjustment config should be derived from iRely.BaseEntity" time="0" classname="PhantomJS_2_1_1_(Windows_8_0_0_0).Inventory.model.Adjustment"/>
  <testcase name="Inventory.model.Adjustment config should have an idProperty" time="0" classname="PhantomJS_2_1_1_(Windows_8_0_0_0).Inventory.model.Adjustment"/>
  <testcase name="Inventory.model.Adjustment config fields should have the correct fields" time="0" classname="PhantomJS_2_1_1_(Windows_8_0_0_0).Inventory.model.Adjustment"/>
  <testcase name="Inventory.model.Adjustment config fields should have reference model(s)" time="0" classname="PhantomJS_2_1_1_(Windows_8_0_0_0).Inventory.model.Adjustment"/>
  <testcase name="Inventory.store.Adjustment Ext object should be a valid Ext object" time="0" classname="PhantomJS_2_1_1_(Windows_8_0_0_0).Inventory.store.Adjustment"/>
  <testcase name="Inventory.store.Adjustment Ext object should have an alias of &quot;store.icadjustment&quot;" time="0" classname="PhantomJS_2_1_1_(Windows_8_0_0_0).Inventory.store.Adjustment"/>
  <testcase name="Inventory.store.Adjustment Ext object config should have a storeId of &quot;Adjustment" time="0" classname="PhantomJS_2_1_1_(Windows_8_0_0_0).Inventory.store.Adjustment"/>
  <testcase name="Inventory.store.Adjustment Ext object config model should exists" time="0" classname="PhantomJS_2_1_1_(Windows_8_0_0_0).Inventory.store.Adjustment"/>
  <testcase name="Inventory.store.Adjustment Ext object config model should have a model named &quot;Inventory.model.Adjustment&quot;" time="0.001" classname="PhantomJS_2_1_1_(Windows_8_0_0_0).Inventory.store.Adjustment"/>
  <testcase name="Inventory.store.Adjustment Ext object config proxy should have a proxy" time="0" classname="PhantomJS_2_1_1_(Windows_8_0_0_0).Inventory.store.Adjustment"/>
  <testcase name="Inventory.store.Adjustment Ext object config proxy should be of type &quot;rest&quot;" time="0" classname="PhantomJS_2_1_1_(Windows_8_0_0_0).Inventory.store.Adjustment"/>
  <testcase name="Inventory.store.Adjustment Ext object config proxy api should have the correct api URIs" time="0" classname="PhantomJS_2_1_1_(Windows_8_0_0_0).Inventory.store.Adjustment"/>
  <testcase name="Inventory.store.Adjustment Ext object config proxy api &quot;create&quot; URI should be &quot;./inventory/api/inventoryadjustment/post&quot;" time="0" classname="PhantomJS_2_1_1_(Windows_8_0_0_0).Inventory.store.Adjustment"/>
  <testcase name="Inventory.store.Adjustment Ext object config proxy api &quot;read&quot; URI should be &quot;./inventory/api/inventoryadjustment/get&quot;" time="0.001" classname="PhantomJS_2_1_1_(Windows_8_0_0_0).Inventory.store.Adjustment"/>
  <testcase name="Inventory.store.Adjustment Ext object config proxy api &quot;update&quot; URI should be &quot;./inventory/api/inventoryadjustment/put&quot;" time="0" classname="PhantomJS_2_1_1_(Windows_8_0_0_0).Inventory.store.Adjustment"/>
  <testcase name="Inventory.model.Brand Ext object should be a valid Ext object" time="0" classname="PhantomJS_2_1_1_(Windows_8_0_0_0).Inventory.model.Brand"/>
  <testcase name="Inventory.model.Brand config should exists" time="0" classname="PhantomJS_2_1_1_(Windows_8_0_0_0).Inventory.model.Brand"/>
  <testcase name="Inventory.model.Brand config should be derived from iRely.BaseEntity" time="0" classname="PhantomJS_2_1_1_(Windows_8_0_0_0).Inventory.model.Brand"/>
  <testcase name="Inventory.model.Brand config should have an idProperty" time="0" classname="PhantomJS_2_1_1_(Windows_8_0_0_0).Inventory.model.Brand"/>
  <testcase name="Inventory.model.Brand config fields should have the correct fields" time="0" classname="PhantomJS_2_1_1_(Windows_8_0_0_0).Inventory.model.Brand"/>
  <testcase name="Inventory.model.Brand config fields should have reference model(s)" time="0" classname="PhantomJS_2_1_1_(Windows_8_0_0_0).Inventory.model.Brand"/>
  <testcase name="Inventory.store.Brand Ext object should be a valid Ext object" time="0.001" classname="PhantomJS_2_1_1_(Windows_8_0_0_0).Inventory.store.Brand"/>
  <testcase name="Inventory.store.Brand Ext object should have an alias of &quot;store.icbrand&quot;" time="0" classname="PhantomJS_2_1_1_(Windows_8_0_0_0).Inventory.store.Brand"/>
  <testcase name="Inventory.store.Brand Ext object config should have a storeId of &quot;Brand" time="0" classname="PhantomJS_2_1_1_(Windows_8_0_0_0).Inventory.store.Brand"/>
  <testcase name="Inventory.store.Brand Ext object config model should exists" time="0.001" classname="PhantomJS_2_1_1_(Windows_8_0_0_0).Inventory.store.Brand"/>
  <testcase name="Inventory.store.Brand Ext object config model should have a model named &quot;Inventory.model.Brand&quot;" time="0" classname="PhantomJS_2_1_1_(Windows_8_0_0_0).Inventory.store.Brand"/>
  <testcase name="Inventory.store.Brand Ext object config proxy should have a proxy" time="0" classname="PhantomJS_2_1_1_(Windows_8_0_0_0).Inventory.store.Brand"/>
  <testcase name="Inventory.store.Brand Ext object config proxy should be of type &quot;rest&quot;" time="0" classname="PhantomJS_2_1_1_(Windows_8_0_0_0).Inventory.store.Brand"/>
  <testcase name="Inventory.store.Brand Ext object config proxy api should have the correct api URIs" time="0" classname="PhantomJS_2_1_1_(Windows_8_0_0_0).Inventory.store.Brand"/>
  <testcase name="Inventory.store.Brand Ext object config proxy api &quot;create&quot; URI should be &quot;./inventory/api/brand/post&quot;" time="0" classname="PhantomJS_2_1_1_(Windows_8_0_0_0).Inventory.store.Brand"/>
  <testcase name="Inventory.store.Brand Ext object config proxy api &quot;read&quot; URI should be &quot;./inventory/api/brand/get&quot;" time="0.001" classname="PhantomJS_2_1_1_(Windows_8_0_0_0).Inventory.store.Brand"/>
  <testcase name="Inventory.store.Brand Ext object config proxy api &quot;update&quot; URI should be &quot;./inventory/api/brand/put&quot;" time="0" classname="PhantomJS_2_1_1_(Windows_8_0_0_0).Inventory.store.Brand"/>
  <testcase name="Inventory.view.BrandViewController should exist" time="0" classname="PhantomJS_2_1_1_(Windows_8_0_0_0).Inventory.view.BrandViewController"/>
  <testcase name="Inventory.view.BrandViewController should be derived from Ext.app.ViewController" time="0" classname="PhantomJS_2_1_1_(Windows_8_0_0_0).Inventory.view.BrandViewController"/>
  <testcase name="Inventory.view.BrandViewController should have a config" time="0" classname="PhantomJS_2_1_1_(Windows_8_0_0_0).Inventory.view.BrandViewController"/>
  <testcase name="Inventory.view.BrandViewModel should be a valid view model class." time="0" classname="PhantomJS_2_1_1_(Windows_8_0_0_0).Inventory.view.BrandViewModel">
    <skipped/>
  </testcase>
  <testcase name="Inventory.store.BufferedAssemblyItem Ext object should be a valid Ext object" time="0" classname="PhantomJS_2_1_1_(Windows_8_0_0_0).Inventory.store.BufferedAssemblyItem"/>
  <testcase name="Inventory.store.BufferedAssemblyItem Ext object should have an alias of &quot;store.icbufferedassemblyitem&quot;" time="0" classname="PhantomJS_2_1_1_(Windows_8_0_0_0).Inventory.store.BufferedAssemblyItem"/>
  <testcase name="Inventory.store.BufferedAssemblyItem Ext object config should have a storeId of &quot;BufferedAssemblyItem" time="0" classname="PhantomJS_2_1_1_(Windows_8_0_0_0).Inventory.store.BufferedAssemblyItem"/>
  <testcase name="Inventory.store.BufferedAssemblyItem Ext object config model should exists" time="0" classname="PhantomJS_2_1_1_(Windows_8_0_0_0).Inventory.store.BufferedAssemblyItem"/>
  <testcase name="Inventory.store.BufferedAssemblyItem Ext object config model should have a model named &quot;Inventory.model.CompactItem&quot;" time="0" classname="PhantomJS_2_1_1_(Windows_8_0_0_0).Inventory.store.BufferedAssemblyItem"/>
  <testcase name="Inventory.store.BufferedAssemblyItem Ext object config proxy should have a proxy" time="0" classname="PhantomJS_2_1_1_(Windows_8_0_0_0).Inventory.store.BufferedAssemblyItem"/>
  <testcase name="Inventory.store.BufferedAssemblyItem Ext object config proxy should be of type &quot;rest&quot;" time="0" classname="PhantomJS_2_1_1_(Windows_8_0_0_0).Inventory.store.BufferedAssemblyItem"/>
  <testcase name="Inventory.store.BufferedAssemblyItem Ext object config proxy api should have the correct api URIs" time="0" classname="PhantomJS_2_1_1_(Windows_8_0_0_0).Inventory.store.BufferedAssemblyItem"/>
  <testcase name="Inventory.store.BufferedAssemblyItem Ext object config proxy api &quot;read&quot; URI should be &quot;./inventory/api/item/searchassemblyitems&quot;" time="0" classname="PhantomJS_2_1_1_(Windows_8_0_0_0).Inventory.store.BufferedAssemblyItem"/>
  <testcase name="Inventory.store.BufferedBrand Ext object should be a valid Ext object" time="0" classname="PhantomJS_2_1_1_(Windows_8_0_0_0).Inventory.store.BufferedBrand"/>
  <testcase name="Inventory.store.BufferedBrand Ext object should have an alias of &quot;store.icbufferedbrand&quot;" time="0" classname="PhantomJS_2_1_1_(Windows_8_0_0_0).Inventory.store.BufferedBrand"/>
  <testcase name="Inventory.store.BufferedBrand Ext object config should have a storeId of &quot;BufferedBrand" time="0" classname="PhantomJS_2_1_1_(Windows_8_0_0_0).Inventory.store.BufferedBrand"/>
  <testcase name="Inventory.store.BufferedBrand Ext object config model should exists" time="0" classname="PhantomJS_2_1_1_(Windows_8_0_0_0).Inventory.store.BufferedBrand"/>
  <testcase name="Inventory.store.BufferedBrand Ext object config model should have a model named &quot;Inventory.model.Brand&quot;" time="0" classname="PhantomJS_2_1_1_(Windows_8_0_0_0).Inventory.store.BufferedBrand"/>
  <testcase name="Inventory.store.BufferedBrand Ext object config proxy should have a proxy" time="0" classname="PhantomJS_2_1_1_(Windows_8_0_0_0).Inventory.store.BufferedBrand"/>
  <testcase name="Inventory.store.BufferedBrand Ext object config proxy should be of type &quot;rest&quot;" time="0" classname="PhantomJS_2_1_1_(Windows_8_0_0_0).Inventory.store.BufferedBrand"/>
  <testcase name="Inventory.store.BufferedBrand Ext object config proxy api should have the correct api URIs" time="0" classname="PhantomJS_2_1_1_(Windows_8_0_0_0).Inventory.store.BufferedBrand"/>
  <testcase name="Inventory.store.BufferedBrand Ext object config proxy api &quot;read&quot; URI should be &quot;./inventory/api/brand/search&quot;" time="0" classname="PhantomJS_2_1_1_(Windows_8_0_0_0).Inventory.store.BufferedBrand"/>
  <testcase name="Inventory.store.BufferedBundleComponent Ext object should be a valid Ext object" time="0" classname="PhantomJS_2_1_1_(Windows_8_0_0_0).Inventory.store.BufferedBundleComponent"/>
  <testcase name="Inventory.store.BufferedBundleComponent Ext object should have an alias of &quot;store.icbufferedbundlecomponent&quot;" time="0" classname="PhantomJS_2_1_1_(Windows_8_0_0_0).Inventory.store.BufferedBundleComponent"/>
  <testcase name="Inventory.store.BufferedBundleComponent Ext object config should have a storeId of &quot;BufferedBundleComponent" time="0" classname="PhantomJS_2_1_1_(Windows_8_0_0_0).Inventory.store.BufferedBundleComponent"/>
  <testcase name="Inventory.store.BufferedBundleComponent Ext object config model should exists" time="0" classname="PhantomJS_2_1_1_(Windows_8_0_0_0).Inventory.store.BufferedBundleComponent"/>
  <testcase name="Inventory.store.BufferedBundleComponent Ext object config model should have a model named &quot;Inventory.model.BundleComponent&quot;" time="0" classname="PhantomJS_2_1_1_(Windows_8_0_0_0).Inventory.store.BufferedBundleComponent"/>
  <testcase name="Inventory.store.BufferedBundleComponent Ext object config proxy should have a proxy" time="0" classname="PhantomJS_2_1_1_(Windows_8_0_0_0).Inventory.store.BufferedBundleComponent"/>
  <testcase name="Inventory.store.BufferedBundleComponent Ext object config proxy should be of type &quot;rest&quot;" time="0" classname="PhantomJS_2_1_1_(Windows_8_0_0_0).Inventory.store.BufferedBundleComponent"/>
  <testcase name="Inventory.store.BufferedBundleComponent Ext object config proxy api should have the correct api URIs" time="0" classname="PhantomJS_2_1_1_(Windows_8_0_0_0).Inventory.store.BufferedBundleComponent"/>
  <testcase name="Inventory.store.BufferedBundleComponent Ext object config proxy api &quot;read&quot; URI should be &quot;./inventory/api/item/searchbundlecomponents&quot;" time="0" classname="PhantomJS_2_1_1_(Windows_8_0_0_0).Inventory.store.BufferedBundleComponent"/>
  <testcase name="Inventory.store.BufferedCategoryAccount Ext object should be a valid Ext object" time="0.001" classname="PhantomJS_2_1_1_(Windows_8_0_0_0).Inventory.store.BufferedCategoryAccount"/>
  <testcase name="Inventory.store.BufferedCategoryAccount Ext object should have an alias of &quot;store.icbufferedcategoryaccount&quot;" time="0" classname="PhantomJS_2_1_1_(Windows_8_0_0_0).Inventory.store.BufferedCategoryAccount"/>
  <testcase name="Inventory.store.BufferedCategoryAccount Ext object config should have a storeId of &quot;BufferedCategoryAccount" time="0" classname="PhantomJS_2_1_1_(Windows_8_0_0_0).Inventory.store.BufferedCategoryAccount"/>
  <testcase name="Inventory.store.BufferedCategoryAccount Ext object config model should exists" time="0" classname="PhantomJS_2_1_1_(Windows_8_0_0_0).Inventory.store.BufferedCategoryAccount"/>
  <testcase name="Inventory.store.BufferedCategoryAccount Ext object config model should have a model named &quot;Inventory.model.CategoryAccount&quot;" time="0" classname="PhantomJS_2_1_1_(Windows_8_0_0_0).Inventory.store.BufferedCategoryAccount"/>
  <testcase name="Inventory.store.BufferedCategoryAccount Ext object config proxy should have a proxy" time="0" classname="PhantomJS_2_1_1_(Windows_8_0_0_0).Inventory.store.BufferedCategoryAccount"/>
  <testcase name="Inventory.store.BufferedCategoryAccount Ext object config proxy should be of type &quot;rest&quot;" time="0" classname="PhantomJS_2_1_1_(Windows_8_0_0_0).Inventory.store.BufferedCategoryAccount"/>
  <testcase name="Inventory.store.BufferedCategoryAccount Ext object config proxy api should have the correct api URIs" time="0" classname="PhantomJS_2_1_1_(Windows_8_0_0_0).Inventory.store.BufferedCategoryAccount"/>
  <testcase name="Inventory.store.BufferedCategoryAccount Ext object config proxy api &quot;read&quot; URI should be &quot;./inventory/api/categoryaccount/search&quot;" time="0" classname="PhantomJS_2_1_1_(Windows_8_0_0_0).Inventory.store.BufferedCategoryAccount"/>
  <testcase name="Inventory.store.BufferedCategoryLocation Ext object should be a valid Ext object" time="0" classname="PhantomJS_2_1_1_(Windows_8_0_0_0).Inventory.store.BufferedCategoryLocation"/>
  <testcase name="Inventory.store.BufferedCategoryLocation Ext object should have an alias of &quot;store.icbufferedcategorylocation&quot;" time="0" classname="PhantomJS_2_1_1_(Windows_8_0_0_0).Inventory.store.BufferedCategoryLocation"/>
  <testcase name="Inventory.store.BufferedCategoryLocation Ext object config should have a storeId of &quot;BufferedCategoryLocation" time="0" classname="PhantomJS_2_1_1_(Windows_8_0_0_0).Inventory.store.BufferedCategoryLocation"/>
  <testcase name="Inventory.store.BufferedCategoryLocation Ext object config model should exists" time="0" classname="PhantomJS_2_1_1_(Windows_8_0_0_0).Inventory.store.BufferedCategoryLocation"/>
  <testcase name="Inventory.store.BufferedCategoryLocation Ext object config model should have a model named &quot;Inventory.model.CategoryLocation&quot;" time="0" classname="PhantomJS_2_1_1_(Windows_8_0_0_0).Inventory.store.BufferedCategoryLocation"/>
  <testcase name="Inventory.store.BufferedCategoryLocation Ext object config proxy should have a proxy" time="0" classname="PhantomJS_2_1_1_(Windows_8_0_0_0).Inventory.store.BufferedCategoryLocation"/>
  <testcase name="Inventory.store.BufferedCategoryLocation Ext object config proxy should be of type &quot;rest&quot;" time="0" classname="PhantomJS_2_1_1_(Windows_8_0_0_0).Inventory.store.BufferedCategoryLocation"/>
  <testcase name="Inventory.store.BufferedCategoryLocation Ext object config proxy api should have the correct api URIs" time="0" classname="PhantomJS_2_1_1_(Windows_8_0_0_0).Inventory.store.BufferedCategoryLocation"/>
  <testcase name="Inventory.store.BufferedCategoryLocation Ext object config proxy api &quot;read&quot; URI should be &quot;./inventory/api/categorylocation/search&quot;" time="0" classname="PhantomJS_2_1_1_(Windows_8_0_0_0).Inventory.store.BufferedCategoryLocation"/>
  <testcase name="Inventory.store.BufferedCategoryUOM Ext object should be a valid Ext object" time="0" classname="PhantomJS_2_1_1_(Windows_8_0_0_0).Inventory.store.BufferedCategoryUOM"/>
  <testcase name="Inventory.store.BufferedCategoryUOM Ext object should have an alias of &quot;store.icbufferedcategoryuom&quot;" time="0" classname="PhantomJS_2_1_1_(Windows_8_0_0_0).Inventory.store.BufferedCategoryUOM"/>
  <testcase name="Inventory.store.BufferedCategoryUOM Ext object config should have a storeId of &quot;BufferedCategoryUOM" time="0" classname="PhantomJS_2_1_1_(Windows_8_0_0_0).Inventory.store.BufferedCategoryUOM"/>
  <testcase name="Inventory.store.BufferedCategoryUOM Ext object config model should exists" time="0" classname="PhantomJS_2_1_1_(Windows_8_0_0_0).Inventory.store.BufferedCategoryUOM"/>
  <testcase name="Inventory.store.BufferedCategoryUOM Ext object config model should have a model named &quot;Inventory.model.CategoryUOM&quot;" time="0" classname="PhantomJS_2_1_1_(Windows_8_0_0_0).Inventory.store.BufferedCategoryUOM"/>
  <testcase name="Inventory.store.BufferedCategoryUOM Ext object config proxy should have a proxy" time="0" classname="PhantomJS_2_1_1_(Windows_8_0_0_0).Inventory.store.BufferedCategoryUOM"/>
  <testcase name="Inventory.store.BufferedCategoryUOM Ext object config proxy should be of type &quot;rest&quot;" time="0" classname="PhantomJS_2_1_1_(Windows_8_0_0_0).Inventory.store.BufferedCategoryUOM"/>
  <testcase name="Inventory.store.BufferedCategoryUOM Ext object config proxy api should have the correct api URIs" time="0" classname="PhantomJS_2_1_1_(Windows_8_0_0_0).Inventory.store.BufferedCategoryUOM"/>
  <testcase name="Inventory.store.BufferedCategoryUOM Ext object config proxy api &quot;read&quot; URI should be &quot;./inventory/api/categoryuom/search&quot;" time="0" classname="PhantomJS_2_1_1_(Windows_8_0_0_0).Inventory.store.BufferedCategoryUOM"/>
  <testcase name="Inventory.store.BufferedCategoryVendor Ext object should be a valid Ext object" time="0" classname="PhantomJS_2_1_1_(Windows_8_0_0_0).Inventory.store.BufferedCategoryVendor"/>
  <testcase name="Inventory.store.BufferedCategoryVendor Ext object should have an alias of &quot;store.icbufferedcategoryvendor&quot;" time="0" classname="PhantomJS_2_1_1_(Windows_8_0_0_0).Inventory.store.BufferedCategoryVendor"/>
  <testcase name="Inventory.store.BufferedCategoryVendor Ext object config should have a storeId of &quot;BufferedCategoryVendor" time="0" classname="PhantomJS_2_1_1_(Windows_8_0_0_0).Inventory.store.BufferedCategoryVendor"/>
  <testcase name="Inventory.store.BufferedCategoryVendor Ext object config model should exists" time="0" classname="PhantomJS_2_1_1_(Windows_8_0_0_0).Inventory.store.BufferedCategoryVendor"/>
  <testcase name="Inventory.store.BufferedCategoryVendor Ext object config model should have a model named &quot;Inventory.model.CategoryVendor&quot;" time="0" classname="PhantomJS_2_1_1_(Windows_8_0_0_0).Inventory.store.BufferedCategoryVendor"/>
  <testcase name="Inventory.store.BufferedCategoryVendor Ext object config proxy should have a proxy" time="0" classname="PhantomJS_2_1_1_(Windows_8_0_0_0).Inventory.store.BufferedCategoryVendor"/>
  <testcase name="Inventory.store.BufferedCategoryVendor Ext object config proxy should be of type &quot;rest&quot;" time="0.001" classname="PhantomJS_2_1_1_(Windows_8_0_0_0).Inventory.store.BufferedCategoryVendor"/>
  <testcase name="Inventory.store.BufferedCategoryVendor Ext object config proxy api should have the correct api URIs" time="0" classname="PhantomJS_2_1_1_(Windows_8_0_0_0).Inventory.store.BufferedCategoryVendor"/>
  <testcase name="Inventory.store.BufferedCategoryVendor Ext object config proxy api &quot;read&quot; URI should be &quot;./inventory/api/categoryvendor/search&quot;" time="0" classname="PhantomJS_2_1_1_(Windows_8_0_0_0).Inventory.store.BufferedCategoryVendor"/>
  <testcase name="Inventory.store.BufferedCategory Ext object should be a valid Ext object" time="0" classname="PhantomJS_2_1_1_(Windows_8_0_0_0).Inventory.store.BufferedCategory"/>
  <testcase name="Inventory.store.BufferedCategory Ext object should have an alias of &quot;store.icbufferedcategory&quot;" time="0" classname="PhantomJS_2_1_1_(Windows_8_0_0_0).Inventory.store.BufferedCategory"/>
  <testcase name="Inventory.store.BufferedCategory Ext object config should have a storeId of &quot;BufferedCategory" time="0" classname="PhantomJS_2_1_1_(Windows_8_0_0_0).Inventory.store.BufferedCategory"/>
  <testcase name="Inventory.store.BufferedCategory Ext object config model should exists" time="0" classname="PhantomJS_2_1_1_(Windows_8_0_0_0).Inventory.store.BufferedCategory"/>
  <testcase name="Inventory.store.BufferedCategory Ext object config model should have a model named &quot;Inventory.model.Category&quot;" time="0" classname="PhantomJS_2_1_1_(Windows_8_0_0_0).Inventory.store.BufferedCategory"/>
  <testcase name="Inventory.store.BufferedCategory Ext object config proxy should have a proxy" time="0" classname="PhantomJS_2_1_1_(Windows_8_0_0_0).Inventory.store.BufferedCategory"/>
  <testcase name="Inventory.store.BufferedCategory Ext object config proxy should be of type &quot;rest&quot;" time="0" classname="PhantomJS_2_1_1_(Windows_8_0_0_0).Inventory.store.BufferedCategory"/>
  <testcase name="Inventory.store.BufferedCategory Ext object config proxy api should have the correct api URIs" time="0" classname="PhantomJS_2_1_1_(Windows_8_0_0_0).Inventory.store.BufferedCategory"/>
  <testcase name="Inventory.store.BufferedCategory Ext object config proxy api &quot;read&quot; URI should be &quot;./inventory/api/category/search&quot;" time="0" classname="PhantomJS_2_1_1_(Windows_8_0_0_0).Inventory.store.BufferedCategory"/>
  <testcase name="Inventory.store.BufferedCertification Ext object should be a valid Ext object" time="0" classname="PhantomJS_2_1_1_(Windows_8_0_0_0).Inventory.store.BufferedCertification"/>
  <testcase name="Inventory.store.BufferedCertification Ext object should have an alias of &quot;store.icbufferedcertification&quot;" time="0" classname="PhantomJS_2_1_1_(Windows_8_0_0_0).Inventory.store.BufferedCertification"/>
  <testcase name="Inventory.store.BufferedCertification Ext object config should have a storeId of &quot;BufferedCertification" time="0" classname="PhantomJS_2_1_1_(Windows_8_0_0_0).Inventory.store.BufferedCertification"/>
  <testcase name="Inventory.store.BufferedCertification Ext object config model should exists" time="0" classname="PhantomJS_2_1_1_(Windows_8_0_0_0).Inventory.store.BufferedCertification"/>
  <testcase name="Inventory.store.BufferedCertification Ext object config model should have a model named &quot;Inventory.model.Certification&quot;" time="0" classname="PhantomJS_2_1_1_(Windows_8_0_0_0).Inventory.store.BufferedCertification"/>
  <testcase name="Inventory.store.BufferedCertification Ext object config proxy should have a proxy" time="0" classname="PhantomJS_2_1_1_(Windows_8_0_0_0).Inventory.store.BufferedCertification"/>
  <testcase name="Inventory.store.BufferedCertification Ext object config proxy should be of type &quot;rest&quot;" time="0" classname="PhantomJS_2_1_1_(Windows_8_0_0_0).Inventory.store.BufferedCertification"/>
  <testcase name="Inventory.store.BufferedCertification Ext object config proxy api should have the correct api URIs" time="0" classname="PhantomJS_2_1_1_(Windows_8_0_0_0).Inventory.store.BufferedCertification"/>
  <testcase name="Inventory.store.BufferedCertification Ext object config proxy api &quot;read&quot; URI should be &quot;./inventory/api/certification/search&quot;" time="0" classname="PhantomJS_2_1_1_(Windows_8_0_0_0).Inventory.store.BufferedCertification"/>
  <testcase name="Inventory.store.BufferedClassAttribute Ext object should be a valid Ext object" time="0" classname="PhantomJS_2_1_1_(Windows_8_0_0_0).Inventory.store.BufferedClassAttribute"/>
  <testcase name="Inventory.store.BufferedClassAttribute Ext object should have an alias of &quot;store.icbufferedclassattribute&quot;" time="0" classname="PhantomJS_2_1_1_(Windows_8_0_0_0).Inventory.store.BufferedClassAttribute"/>
  <testcase name="Inventory.store.BufferedClassAttribute Ext object config should have a storeId of &quot;BufferedClassAttribute" time="0" classname="PhantomJS_2_1_1_(Windows_8_0_0_0).Inventory.store.BufferedClassAttribute"/>
  <testcase name="Inventory.store.BufferedClassAttribute Ext object config model should exists" time="0" classname="PhantomJS_2_1_1_(Windows_8_0_0_0).Inventory.store.BufferedClassAttribute"/>
  <testcase name="Inventory.store.BufferedClassAttribute Ext object config model should have a model named &quot;Inventory.model.CommodityClass&quot;" time="0" classname="PhantomJS_2_1_1_(Windows_8_0_0_0).Inventory.store.BufferedClassAttribute"/>
  <testcase name="Inventory.store.BufferedClassAttribute Ext object config proxy should have a proxy" time="0" classname="PhantomJS_2_1_1_(Windows_8_0_0_0).Inventory.store.BufferedClassAttribute"/>
  <testcase name="Inventory.store.BufferedClassAttribute Ext object config proxy should be of type &quot;rest&quot;" time="0" classname="PhantomJS_2_1_1_(Windows_8_0_0_0).Inventory.store.BufferedClassAttribute"/>
  <testcase name="Inventory.store.BufferedClassAttribute Ext object config proxy api should have the correct api URIs" time="0" classname="PhantomJS_2_1_1_(Windows_8_0_0_0).Inventory.store.BufferedClassAttribute"/>
  <testcase name="Inventory.store.BufferedClassAttribute Ext object config proxy api &quot;read&quot; URI should be &quot;./inventory/api/commodityattribute/searchclassattributes&quot;" time="0.001" classname="PhantomJS_2_1_1_(Windows_8_0_0_0).Inventory.store.BufferedClassAttribute"/>
  <testcase name="Inventory.store.BufferedCommodityUnitMeasure Ext object should be a valid Ext object" time="0" classname="PhantomJS_2_1_1_(Windows_8_0_0_0).Inventory.store.BufferedCommodityUnitMeasure"/>
  <testcase name="Inventory.store.BufferedCommodityUnitMeasure Ext object should have an alias of &quot;store.icbufferedcommodityunitmeasure&quot;" time="0" classname="PhantomJS_2_1_1_(Windows_8_0_0_0).Inventory.store.BufferedCommodityUnitMeasure"/>
  <testcase name="Inventory.store.BufferedCommodityUnitMeasure Ext object config should have a storeId of &quot;BufferedCommodityUnitMeasure" time="0.001" classname="PhantomJS_2_1_1_(Windows_8_0_0_0).Inventory.store.BufferedCommodityUnitMeasure"/>
  <testcase name="Inventory.store.BufferedCommodityUnitMeasure Ext object config model should exists" time="0" classname="PhantomJS_2_1_1_(Windows_8_0_0_0).Inventory.store.BufferedCommodityUnitMeasure"/>
  <testcase name="Inventory.store.BufferedCommodityUnitMeasure Ext object config model should have a model named &quot;Inventory.model.CommodityUnitMeasure&quot;" time="0" classname="PhantomJS_2_1_1_(Windows_8_0_0_0).Inventory.store.BufferedCommodityUnitMeasure"/>
  <testcase name="Inventory.store.BufferedCommodityUnitMeasure Ext object config proxy should have a proxy" time="0" classname="PhantomJS_2_1_1_(Windows_8_0_0_0).Inventory.store.BufferedCommodityUnitMeasure"/>
  <testcase name="Inventory.store.BufferedCommodityUnitMeasure Ext object config proxy should be of type &quot;rest&quot;" time="0" classname="PhantomJS_2_1_1_(Windows_8_0_0_0).Inventory.store.BufferedCommodityUnitMeasure"/>
  <testcase name="Inventory.store.BufferedCommodityUnitMeasure Ext object config proxy api should have the correct api URIs" time="0" classname="PhantomJS_2_1_1_(Windows_8_0_0_0).Inventory.store.BufferedCommodityUnitMeasure"/>
  <testcase name="Inventory.store.BufferedCommodityUnitMeasure Ext object config proxy api &quot;read&quot; URI should be &quot;./inventory/api/commodityuom/search&quot;" time="0" classname="PhantomJS_2_1_1_(Windows_8_0_0_0).Inventory.store.BufferedCommodityUnitMeasure"/>
  <testcase name="Inventory.store.BufferedCommodity Ext object should be a valid Ext object" time="0" classname="PhantomJS_2_1_1_(Windows_8_0_0_0).Inventory.store.BufferedCommodity"/>
  <testcase name="Inventory.store.BufferedCommodity Ext object should have an alias of &quot;store.icbufferedcommodity&quot;" time="0" classname="PhantomJS_2_1_1_(Windows_8_0_0_0).Inventory.store.BufferedCommodity"/>
  <testcase name="Inventory.store.BufferedCommodity Ext object config should have a storeId of &quot;BufferedCommodity" time="0" classname="PhantomJS_2_1_1_(Windows_8_0_0_0).Inventory.store.BufferedCommodity"/>
  <testcase name="Inventory.store.BufferedCommodity Ext object config model should exists" time="0" classname="PhantomJS_2_1_1_(Windows_8_0_0_0).Inventory.store.BufferedCommodity"/>
  <testcase name="Inventory.store.BufferedCommodity Ext object config model should have a model named &quot;Inventory.model.CompactCommodity&quot;" time="0" classname="PhantomJS_2_1_1_(Windows_8_0_0_0).Inventory.store.BufferedCommodity"/>
  <testcase name="Inventory.store.BufferedCommodity Ext object config proxy should have a proxy" time="0" classname="PhantomJS_2_1_1_(Windows_8_0_0_0).Inventory.store.BufferedCommodity"/>
  <testcase name="Inventory.store.BufferedCommodity Ext object config proxy should be of type &quot;rest&quot;" time="0" classname="PhantomJS_2_1_1_(Windows_8_0_0_0).Inventory.store.BufferedCommodity"/>
  <testcase name="Inventory.store.BufferedCommodity Ext object config proxy api should have the correct api URIs" time="0" classname="PhantomJS_2_1_1_(Windows_8_0_0_0).Inventory.store.BufferedCommodity"/>
  <testcase name="Inventory.store.BufferedCommodity Ext object config proxy api &quot;read&quot; URI should be &quot;./inventory/api/commodity/search&quot;" time="0" classname="PhantomJS_2_1_1_(Windows_8_0_0_0).Inventory.store.BufferedCommodity"/>
  <testcase name="Inventory.store.BufferedCompactItem Ext object should be a valid Ext object" time="0" classname="PhantomJS_2_1_1_(Windows_8_0_0_0).Inventory.store.BufferedCompactItem"/>
  <testcase name="Inventory.store.BufferedCompactItem Ext object should have an alias of &quot;store.icbufferedcompactitem&quot;" time="0" classname="PhantomJS_2_1_1_(Windows_8_0_0_0).Inventory.store.BufferedCompactItem"/>
  <testcase name="Inventory.store.BufferedCompactItem Ext object config should have a storeId of &quot;BufferedCompactItem" time="0" classname="PhantomJS_2_1_1_(Windows_8_0_0_0).Inventory.store.BufferedCompactItem"/>
  <testcase name="Inventory.store.BufferedCompactItem Ext object config model should exists" time="0" classname="PhantomJS_2_1_1_(Windows_8_0_0_0).Inventory.store.BufferedCompactItem"/>
  <testcase name="Inventory.store.BufferedCompactItem Ext object config model should have a model named &quot;Inventory.model.CompactItem&quot;" time="0.001" classname="PhantomJS_2_1_1_(Windows_8_0_0_0).Inventory.store.BufferedCompactItem"/>
  <testcase name="Inventory.store.BufferedCompactItem Ext object config proxy should have a proxy" time="0" classname="PhantomJS_2_1_1_(Windows_8_0_0_0).Inventory.store.BufferedCompactItem"/>
  <testcase name="Inventory.store.BufferedCompactItem Ext object config proxy should be of type &quot;rest&quot;" time="0" classname="PhantomJS_2_1_1_(Windows_8_0_0_0).Inventory.store.BufferedCompactItem"/>
  <testcase name="Inventory.store.BufferedCompactItem Ext object config proxy api should have the correct api URIs" time="0" classname="PhantomJS_2_1_1_(Windows_8_0_0_0).Inventory.store.BufferedCompactItem"/>
  <testcase name="Inventory.store.BufferedCompactItem Ext object config proxy api &quot;read&quot; URI should be &quot;./inventory/api/item/searchcompactitems&quot;" time="0" classname="PhantomJS_2_1_1_(Windows_8_0_0_0).Inventory.store.BufferedCompactItem"/>
  <testcase name="Inventory.store.BufferedContainerType Ext object should be a valid Ext object" time="0" classname="PhantomJS_2_1_1_(Windows_8_0_0_0).Inventory.store.BufferedContainerType"/>
  <testcase name="Inventory.store.BufferedContainerType Ext object should have an alias of &quot;store.icbufferedcontainertype&quot;" time="0" classname="PhantomJS_2_1_1_(Windows_8_0_0_0).Inventory.store.BufferedContainerType"/>
  <testcase name="Inventory.store.BufferedContainerType Ext object config should have a storeId of &quot;BufferedContainerType" time="0" classname="PhantomJS_2_1_1_(Windows_8_0_0_0).Inventory.store.BufferedContainerType"/>
  <testcase name="Inventory.store.BufferedContainerType Ext object config model should exists" time="0" classname="PhantomJS_2_1_1_(Windows_8_0_0_0).Inventory.store.BufferedContainerType"/>
  <testcase name="Inventory.store.BufferedContainerType Ext object config model should have a model named &quot;Inventory.model.ContainerType&quot;" time="0" classname="PhantomJS_2_1_1_(Windows_8_0_0_0).Inventory.store.BufferedContainerType"/>
  <testcase name="Inventory.store.BufferedContainerType Ext object config proxy should have a proxy" time="0.001" classname="PhantomJS_2_1_1_(Windows_8_0_0_0).Inventory.store.BufferedContainerType"/>
  <testcase name="Inventory.store.BufferedContainerType Ext object config proxy should be of type &quot;rest&quot;" time="0" classname="PhantomJS_2_1_1_(Windows_8_0_0_0).Inventory.store.BufferedContainerType"/>
  <testcase name="Inventory.store.BufferedContainerType Ext object config proxy api should have the correct api URIs" time="0" classname="PhantomJS_2_1_1_(Windows_8_0_0_0).Inventory.store.BufferedContainerType"/>
  <testcase name="Inventory.store.BufferedContainerType Ext object config proxy api &quot;read&quot; URI should be &quot;./inventory/api/containertype/search&quot;" time="0" classname="PhantomJS_2_1_1_(Windows_8_0_0_0).Inventory.store.BufferedContainerType"/>
  <testcase name="Inventory.store.BufferedContainer Ext object should be a valid Ext object" time="0" classname="PhantomJS_2_1_1_(Windows_8_0_0_0).Inventory.store.BufferedContainer"/>
  <testcase name="Inventory.store.BufferedContainer Ext object should have an alias of &quot;store.icbufferedcontainer&quot;" time="0" classname="PhantomJS_2_1_1_(Windows_8_0_0_0).Inventory.store.BufferedContainer"/>
  <testcase name="Inventory.store.BufferedContainer Ext object config should have a storeId of &quot;BufferedContainer" time="0" classname="PhantomJS_2_1_1_(Windows_8_0_0_0).Inventory.store.BufferedContainer"/>
  <testcase name="Inventory.store.BufferedContainer Ext object config model should exists" time="0" classname="PhantomJS_2_1_1_(Windows_8_0_0_0).Inventory.store.BufferedContainer"/>
  <testcase name="Inventory.store.BufferedContainer Ext object config model should have a model named &quot;Inventory.model.Container&quot;" time="0" classname="PhantomJS_2_1_1_(Windows_8_0_0_0).Inventory.store.BufferedContainer"/>
  <testcase name="Inventory.store.BufferedContainer Ext object config proxy should have a proxy" time="0" classname="PhantomJS_2_1_1_(Windows_8_0_0_0).Inventory.store.BufferedContainer"/>
  <testcase name="Inventory.store.BufferedContainer Ext object config proxy should be of type &quot;rest&quot;" time="0" classname="PhantomJS_2_1_1_(Windows_8_0_0_0).Inventory.store.BufferedContainer"/>
  <testcase name="Inventory.store.BufferedContainer Ext object config proxy api should have the correct api URIs" time="0" classname="PhantomJS_2_1_1_(Windows_8_0_0_0).Inventory.store.BufferedContainer"/>
  <testcase name="Inventory.store.BufferedContainer Ext object config proxy api &quot;read&quot; URI should be &quot;./inventory/api/container/search&quot;" time="0.001" classname="PhantomJS_2_1_1_(Windows_8_0_0_0).Inventory.store.BufferedContainer"/>
  <testcase name="Inventory.store.BufferedCountGroup Ext object should be a valid Ext object" time="0" classname="PhantomJS_2_1_1_(Windows_8_0_0_0).Inventory.store.BufferedCountGroup"/>
  <testcase name="Inventory.store.BufferedCountGroup Ext object should have an alias of &quot;store.icbufferedcountgroup&quot;" time="0" classname="PhantomJS_2_1_1_(Windows_8_0_0_0).Inventory.store.BufferedCountGroup"/>
  <testcase name="Inventory.store.BufferedCountGroup Ext object config should have a storeId of &quot;BufferedCountGroup" time="0" classname="PhantomJS_2_1_1_(Windows_8_0_0_0).Inventory.store.BufferedCountGroup"/>
  <testcase name="Inventory.store.BufferedCountGroup Ext object config model should exists" time="0" classname="PhantomJS_2_1_1_(Windows_8_0_0_0).Inventory.store.BufferedCountGroup"/>
  <testcase name="Inventory.store.BufferedCountGroup Ext object config model should have a model named &quot;Inventory.model.CountGroup&quot;" time="0" classname="PhantomJS_2_1_1_(Windows_8_0_0_0).Inventory.store.BufferedCountGroup"/>
  <testcase name="Inventory.store.BufferedCountGroup Ext object config proxy should have a proxy" time="0" classname="PhantomJS_2_1_1_(Windows_8_0_0_0).Inventory.store.BufferedCountGroup"/>
  <testcase name="Inventory.store.BufferedCountGroup Ext object config proxy should be of type &quot;rest&quot;" time="0" classname="PhantomJS_2_1_1_(Windows_8_0_0_0).Inventory.store.BufferedCountGroup"/>
  <testcase name="Inventory.store.BufferedCountGroup Ext object config proxy api should have the correct api URIs" time="0" classname="PhantomJS_2_1_1_(Windows_8_0_0_0).Inventory.store.BufferedCountGroup"/>
  <testcase name="Inventory.store.BufferedCountGroup Ext object config proxy api &quot;read&quot; URI should be &quot;./inventory/api/countgroup/search&quot;" time="0" classname="PhantomJS_2_1_1_(Windows_8_0_0_0).Inventory.store.BufferedCountGroup"/>
  <testcase name="Inventory.store.BufferedDocument Ext object should be a valid Ext object" time="0" classname="PhantomJS_2_1_1_(Windows_8_0_0_0).Inventory.store.BufferedDocument"/>
  <testcase name="Inventory.store.BufferedDocument Ext object should have an alias of &quot;store.icbuffereddocument&quot;" time="0" classname="PhantomJS_2_1_1_(Windows_8_0_0_0).Inventory.store.BufferedDocument"/>
  <testcase name="Inventory.store.BufferedDocument Ext object config should have a storeId of &quot;BufferedDocument" time="0" classname="PhantomJS_2_1_1_(Windows_8_0_0_0).Inventory.store.BufferedDocument"/>
  <testcase name="Inventory.store.BufferedDocument Ext object config model should exists" time="0" classname="PhantomJS_2_1_1_(Windows_8_0_0_0).Inventory.store.BufferedDocument"/>
  <testcase name="Inventory.store.BufferedDocument Ext object config model should have a model named &quot;Inventory.model.Document&quot;" time="0" classname="PhantomJS_2_1_1_(Windows_8_0_0_0).Inventory.store.BufferedDocument"/>
  <testcase name="Inventory.store.BufferedDocument Ext object config proxy should have a proxy" time="0" classname="PhantomJS_2_1_1_(Windows_8_0_0_0).Inventory.store.BufferedDocument"/>
  <testcase name="Inventory.store.BufferedDocument Ext object config proxy should be of type &quot;rest&quot;" time="0" classname="PhantomJS_2_1_1_(Windows_8_0_0_0).Inventory.store.BufferedDocument"/>
  <testcase name="Inventory.store.BufferedDocument Ext object config proxy api should have the correct api URIs" time="0" classname="PhantomJS_2_1_1_(Windows_8_0_0_0).Inventory.store.BufferedDocument"/>
  <testcase name="Inventory.store.BufferedDocument Ext object config proxy api &quot;read&quot; URI should be &quot;./inventory/api/document/search&quot;" time="0.001" classname="PhantomJS_2_1_1_(Windows_8_0_0_0).Inventory.store.BufferedDocument"/>
  <testcase name="Inventory.store.BufferedEquipmentLength Ext object should be a valid Ext object" time="0" classname="PhantomJS_2_1_1_(Windows_8_0_0_0).Inventory.store.BufferedEquipmentLength"/>
  <testcase name="Inventory.store.BufferedEquipmentLength Ext object should have an alias of &quot;store.icbufferedequipmentlength&quot;" time="0" classname="PhantomJS_2_1_1_(Windows_8_0_0_0).Inventory.store.BufferedEquipmentLength"/>
  <testcase name="Inventory.store.BufferedEquipmentLength Ext object config should have a storeId of &quot;BufferedEquipmentLength" time="0" classname="PhantomJS_2_1_1_(Windows_8_0_0_0).Inventory.store.BufferedEquipmentLength"/>
  <testcase name="Inventory.store.BufferedEquipmentLength Ext object config model should exists" time="0" classname="PhantomJS_2_1_1_(Windows_8_0_0_0).Inventory.store.BufferedEquipmentLength"/>
  <testcase name="Inventory.store.BufferedEquipmentLength Ext object config model should have a model named &quot;Inventory.model.EquipmentLength&quot;" time="0" classname="PhantomJS_2_1_1_(Windows_8_0_0_0).Inventory.store.BufferedEquipmentLength"/>
  <testcase name="Inventory.store.BufferedEquipmentLength Ext object config proxy should have a proxy" time="0" classname="PhantomJS_2_1_1_(Windows_8_0_0_0).Inventory.store.BufferedEquipmentLength"/>
  <testcase name="Inventory.store.BufferedEquipmentLength Ext object config proxy should be of type &quot;rest&quot;" time="0" classname="PhantomJS_2_1_1_(Windows_8_0_0_0).Inventory.store.BufferedEquipmentLength"/>
  <testcase name="Inventory.store.BufferedEquipmentLength Ext object config proxy api should have the correct api URIs" time="0" classname="PhantomJS_2_1_1_(Windows_8_0_0_0).Inventory.store.BufferedEquipmentLength"/>
  <testcase name="Inventory.store.BufferedEquipmentLength Ext object config proxy api &quot;read&quot; URI should be &quot;./inventory/api/equipmentlength/search&quot;" time="0" classname="PhantomJS_2_1_1_(Windows_8_0_0_0).Inventory.store.BufferedEquipmentLength"/>
  <testcase name="Inventory.store.BufferedFeedStockCode Ext object should be a valid Ext object" time="0" classname="PhantomJS_2_1_1_(Windows_8_0_0_0).Inventory.store.BufferedFeedStockCode"/>
  <testcase name="Inventory.store.BufferedFeedStockCode Ext object should have an alias of &quot;store.icbufferedfeedstockcode&quot;" time="0" classname="PhantomJS_2_1_1_(Windows_8_0_0_0).Inventory.store.BufferedFeedStockCode"/>
  <testcase name="Inventory.store.BufferedFeedStockCode Ext object config should have a storeId of &quot;BufferedFeedStockCode" time="0" classname="PhantomJS_2_1_1_(Windows_8_0_0_0).Inventory.store.BufferedFeedStockCode"/>
  <testcase name="Inventory.store.BufferedFeedStockCode Ext object config model should exists" time="0" classname="PhantomJS_2_1_1_(Windows_8_0_0_0).Inventory.store.BufferedFeedStockCode"/>
  <testcase name="Inventory.store.BufferedFeedStockCode Ext object config model should have a model named &quot;Inventory.model.FeedStockCode&quot;" time="0" classname="PhantomJS_2_1_1_(Windows_8_0_0_0).Inventory.store.BufferedFeedStockCode"/>
  <testcase name="Inventory.store.BufferedFeedStockCode Ext object config proxy should have a proxy" time="0" classname="PhantomJS_2_1_1_(Windows_8_0_0_0).Inventory.store.BufferedFeedStockCode"/>
  <testcase name="Inventory.store.BufferedFeedStockCode Ext object config proxy should be of type &quot;rest&quot;" time="0" classname="PhantomJS_2_1_1_(Windows_8_0_0_0).Inventory.store.BufferedFeedStockCode"/>
  <testcase name="Inventory.store.BufferedFeedStockCode Ext object config proxy api should have the correct api URIs" time="0" classname="PhantomJS_2_1_1_(Windows_8_0_0_0).Inventory.store.BufferedFeedStockCode"/>
  <testcase name="Inventory.store.BufferedFeedStockCode Ext object config proxy api &quot;read&quot; URI should be &quot;./inventory/api/feedstock/search&quot;" time="0" classname="PhantomJS_2_1_1_(Windows_8_0_0_0).Inventory.store.BufferedFeedStockCode"/>
  <testcase name="Inventory.store.BufferedFeedStockUom Ext object should be a valid Ext object" time="0" classname="PhantomJS_2_1_1_(Windows_8_0_0_0).Inventory.store.BufferedFeedStockUom"/>
  <testcase name="Inventory.store.BufferedFeedStockUom Ext object should have an alias of &quot;store.icbufferedfeedstockuom&quot;" time="0" classname="PhantomJS_2_1_1_(Windows_8_0_0_0).Inventory.store.BufferedFeedStockUom"/>
  <testcase name="Inventory.store.BufferedFeedStockUom Ext object config should have a storeId of &quot;BufferedFeedStockUom" time="0" classname="PhantomJS_2_1_1_(Windows_8_0_0_0).Inventory.store.BufferedFeedStockUom"/>
  <testcase name="Inventory.store.BufferedFeedStockUom Ext object config model should exists" time="0" classname="PhantomJS_2_1_1_(Windows_8_0_0_0).Inventory.store.BufferedFeedStockUom"/>
  <testcase name="Inventory.store.BufferedFeedStockUom Ext object config model should have a model named &quot;Inventory.model.FeedStockUom&quot;" time="0" classname="PhantomJS_2_1_1_(Windows_8_0_0_0).Inventory.store.BufferedFeedStockUom"/>
  <testcase name="Inventory.store.BufferedFeedStockUom Ext object config proxy should have a proxy" time="0" classname="PhantomJS_2_1_1_(Windows_8_0_0_0).Inventory.store.BufferedFeedStockUom"/>
  <testcase name="Inventory.store.BufferedFeedStockUom Ext object config proxy should be of type &quot;rest&quot;" time="0" classname="PhantomJS_2_1_1_(Windows_8_0_0_0).Inventory.store.BufferedFeedStockUom"/>
  <testcase name="Inventory.store.BufferedFeedStockUom Ext object config proxy api should have the correct api URIs" time="0" classname="PhantomJS_2_1_1_(Windows_8_0_0_0).Inventory.store.BufferedFeedStockUom"/>
  <testcase name="Inventory.store.BufferedFeedStockUom Ext object config proxy api &quot;read&quot; URI should be &quot;./inventory/api/feedstockuom/search&quot;" time="0" classname="PhantomJS_2_1_1_(Windows_8_0_0_0).Inventory.store.BufferedFeedStockUom"/>
  <testcase name="Inventory.store.BufferedFuelCategory Ext object should be a valid Ext object" time="0" classname="PhantomJS_2_1_1_(Windows_8_0_0_0).Inventory.store.BufferedFuelCategory"/>
  <testcase name="Inventory.store.BufferedFuelCategory Ext object should have an alias of &quot;store.icbufferedfuelcategory&quot;" time="0" classname="PhantomJS_2_1_1_(Windows_8_0_0_0).Inventory.store.BufferedFuelCategory"/>
  <testcase name="Inventory.store.BufferedFuelCategory Ext object config should have a storeId of &quot;BufferedFuelCategory" time="0" classname="PhantomJS_2_1_1_(Windows_8_0_0_0).Inventory.store.BufferedFuelCategory"/>
  <testcase name="Inventory.store.BufferedFuelCategory Ext object config model should exists" time="0" classname="PhantomJS_2_1_1_(Windows_8_0_0_0).Inventory.store.BufferedFuelCategory"/>
  <testcase name="Inventory.store.BufferedFuelCategory Ext object config model should have a model named &quot;Inventory.model.FuelCategory&quot;" time="0" classname="PhantomJS_2_1_1_(Windows_8_0_0_0).Inventory.store.BufferedFuelCategory"/>
  <testcase name="Inventory.store.BufferedFuelCategory Ext object config proxy should have a proxy" time="0" classname="PhantomJS_2_1_1_(Windows_8_0_0_0).Inventory.store.BufferedFuelCategory"/>
  <testcase name="Inventory.store.BufferedFuelCategory Ext object config proxy should be of type &quot;rest&quot;" time="0" classname="PhantomJS_2_1_1_(Windows_8_0_0_0).Inventory.store.BufferedFuelCategory"/>
  <testcase name="Inventory.store.BufferedFuelCategory Ext object config proxy api should have the correct api URIs" time="0" classname="PhantomJS_2_1_1_(Windows_8_0_0_0).Inventory.store.BufferedFuelCategory"/>
  <testcase name="Inventory.store.BufferedFuelCategory Ext object config proxy api &quot;read&quot; URI should be &quot;./inventory/api/fuelcategory/search&quot;" time="0.001" classname="PhantomJS_2_1_1_(Windows_8_0_0_0).Inventory.store.BufferedFuelCategory"/>
  <testcase name="Inventory.store.BufferedFuelCode Ext object should be a valid Ext object" time="0" classname="PhantomJS_2_1_1_(Windows_8_0_0_0).Inventory.store.BufferedFuelCode"/>
  <testcase name="Inventory.store.BufferedFuelCode Ext object should have an alias of &quot;store.icbufferedfuelcode&quot;" time="0.001" classname="PhantomJS_2_1_1_(Windows_8_0_0_0).Inventory.store.BufferedFuelCode"/>
  <testcase name="Inventory.store.BufferedFuelCode Ext object config should have a storeId of &quot;BufferedFuelCode" time="0" classname="PhantomJS_2_1_1_(Windows_8_0_0_0).Inventory.store.BufferedFuelCode"/>
  <testcase name="Inventory.store.BufferedFuelCode Ext object config model should exists" time="0" classname="PhantomJS_2_1_1_(Windows_8_0_0_0).Inventory.store.BufferedFuelCode"/>
  <testcase name="Inventory.store.BufferedFuelCode Ext object config model should have a model named &quot;Inventory.model.FuelCode&quot;" time="0" classname="PhantomJS_2_1_1_(Windows_8_0_0_0).Inventory.store.BufferedFuelCode"/>
  <testcase name="Inventory.store.BufferedFuelCode Ext object config proxy should have a proxy" time="0" classname="PhantomJS_2_1_1_(Windows_8_0_0_0).Inventory.store.BufferedFuelCode"/>
  <testcase name="Inventory.store.BufferedFuelCode Ext object config proxy should be of type &quot;rest&quot;" time="0" classname="PhantomJS_2_1_1_(Windows_8_0_0_0).Inventory.store.BufferedFuelCode"/>
  <testcase name="Inventory.store.BufferedFuelCode Ext object config proxy api should have the correct api URIs" time="0" classname="PhantomJS_2_1_1_(Windows_8_0_0_0).Inventory.store.BufferedFuelCode"/>
  <testcase name="Inventory.store.BufferedFuelCode Ext object config proxy api &quot;read&quot; URI should be &quot;./inventory/api/fuelcode/search&quot;" time="0" classname="PhantomJS_2_1_1_(Windows_8_0_0_0).Inventory.store.BufferedFuelCode"/>
  <testcase name="Inventory.store.BufferedFuelTaxClass Ext object should be a valid Ext object" time="0.001" classname="PhantomJS_2_1_1_(Windows_8_0_0_0).Inventory.store.BufferedFuelTaxClass"/>
  <testcase name="Inventory.store.BufferedFuelTaxClass Ext object should have an alias of &quot;store.icbufferedfueltaxclass&quot;" time="0" classname="PhantomJS_2_1_1_(Windows_8_0_0_0).Inventory.store.BufferedFuelTaxClass"/>
  <testcase name="Inventory.store.BufferedFuelTaxClass Ext object config should have a storeId of &quot;BufferedFuelTaxClass" time="0" classname="PhantomJS_2_1_1_(Windows_8_0_0_0).Inventory.store.BufferedFuelTaxClass"/>
  <testcase name="Inventory.store.BufferedFuelTaxClass Ext object config model should exists" time="0" classname="PhantomJS_2_1_1_(Windows_8_0_0_0).Inventory.store.BufferedFuelTaxClass"/>
  <testcase name="Inventory.store.BufferedFuelTaxClass Ext object config model should have a model named &quot;Inventory.model.FuelTaxClass&quot;" time="0" classname="PhantomJS_2_1_1_(Windows_8_0_0_0).Inventory.store.BufferedFuelTaxClass"/>
  <testcase name="Inventory.store.BufferedFuelTaxClass Ext object config proxy should have a proxy" time="0" classname="PhantomJS_2_1_1_(Windows_8_0_0_0).Inventory.store.BufferedFuelTaxClass"/>
  <testcase name="Inventory.store.BufferedFuelTaxClass Ext object config proxy should be of type &quot;rest&quot;" time="0" classname="PhantomJS_2_1_1_(Windows_8_0_0_0).Inventory.store.BufferedFuelTaxClass"/>
  <testcase name="Inventory.store.BufferedFuelTaxClass Ext object config proxy api should have the correct api URIs" time="0" classname="PhantomJS_2_1_1_(Windows_8_0_0_0).Inventory.store.BufferedFuelTaxClass"/>
  <testcase name="Inventory.store.BufferedFuelTaxClass Ext object config proxy api &quot;read&quot; URI should be &quot;./inventory/api/fueltaxclass/search&quot;" time="0" classname="PhantomJS_2_1_1_(Windows_8_0_0_0).Inventory.store.BufferedFuelTaxClass"/>
  <testcase name="Inventory.store.BufferedFuelType Ext object should be a valid Ext object" time="0.001" classname="PhantomJS_2_1_1_(Windows_8_0_0_0).Inventory.store.BufferedFuelType"/>
  <testcase name="Inventory.store.BufferedFuelType Ext object should have an alias of &quot;store.icbufferedfueltype&quot;" time="0" classname="PhantomJS_2_1_1_(Windows_8_0_0_0).Inventory.store.BufferedFuelType"/>
  <testcase name="Inventory.store.BufferedFuelType Ext object config should have a storeId of &quot;BufferedFuelType" time="0" classname="PhantomJS_2_1_1_(Windows_8_0_0_0).Inventory.store.BufferedFuelType"/>
  <testcase name="Inventory.store.BufferedFuelType Ext object config model should exists" time="0" classname="PhantomJS_2_1_1_(Windows_8_0_0_0).Inventory.store.BufferedFuelType"/>
  <testcase name="Inventory.store.BufferedFuelType Ext object config model should have a model named &quot;Inventory.model.FuelType&quot;" time="0" classname="PhantomJS_2_1_1_(Windows_8_0_0_0).Inventory.store.BufferedFuelType"/>
  <testcase name="Inventory.store.BufferedFuelType Ext object config proxy should have a proxy" time="0" classname="PhantomJS_2_1_1_(Windows_8_0_0_0).Inventory.store.BufferedFuelType"/>
  <testcase name="Inventory.store.BufferedFuelType Ext object config proxy should be of type &quot;rest&quot;" time="0" classname="PhantomJS_2_1_1_(Windows_8_0_0_0).Inventory.store.BufferedFuelType"/>
  <testcase name="Inventory.store.BufferedFuelType Ext object config proxy api should have the correct api URIs" time="0" classname="PhantomJS_2_1_1_(Windows_8_0_0_0).Inventory.store.BufferedFuelType"/>
  <testcase name="Inventory.store.BufferedFuelType Ext object config proxy api &quot;read&quot; URI should be &quot;./inventory/api/fueltype/search&quot;" time="0" classname="PhantomJS_2_1_1_(Windows_8_0_0_0).Inventory.store.BufferedFuelType"/>
  <testcase name="Inventory.store.BufferedGradeAttribute Ext object should be a valid Ext object" time="0" classname="PhantomJS_2_1_1_(Windows_8_0_0_0).Inventory.store.BufferedGradeAttribute"/>
  <testcase name="Inventory.store.BufferedGradeAttribute Ext object should have an alias of &quot;store.icbufferedgradeattribute&quot;" time="0.001" classname="PhantomJS_2_1_1_(Windows_8_0_0_0).Inventory.store.BufferedGradeAttribute"/>
  <testcase name="Inventory.store.BufferedGradeAttribute Ext object config should have a storeId of &quot;BufferedGradeAttribute" time="0" classname="PhantomJS_2_1_1_(Windows_8_0_0_0).Inventory.store.BufferedGradeAttribute"/>
  <testcase name="Inventory.store.BufferedGradeAttribute Ext object config model should exists" time="0" classname="PhantomJS_2_1_1_(Windows_8_0_0_0).Inventory.store.BufferedGradeAttribute"/>
  <testcase name="Inventory.store.BufferedGradeAttribute Ext object config model should have a model named &quot;Inventory.model.CommodityGradeView&quot;" time="0.001" classname="PhantomJS_2_1_1_(Windows_8_0_0_0).Inventory.store.BufferedGradeAttribute"/>
  <testcase name="Inventory.store.BufferedGradeAttribute Ext object config proxy should have a proxy" time="0" classname="PhantomJS_2_1_1_(Windows_8_0_0_0).Inventory.store.BufferedGradeAttribute"/>
  <testcase name="Inventory.store.BufferedGradeAttribute Ext object config proxy should be of type &quot;rest&quot;" time="0" classname="PhantomJS_2_1_1_(Windows_8_0_0_0).Inventory.store.BufferedGradeAttribute"/>
  <testcase name="Inventory.store.BufferedGradeAttribute Ext object config proxy api should have the correct api URIs" time="0" classname="PhantomJS_2_1_1_(Windows_8_0_0_0).Inventory.store.BufferedGradeAttribute"/>
  <testcase name="Inventory.store.BufferedGradeAttribute Ext object config proxy api &quot;read&quot; URI should be &quot;./inventory/api/commodityattribute/searchgradeattributes&quot;" time="0" classname="PhantomJS_2_1_1_(Windows_8_0_0_0).Inventory.store.BufferedGradeAttribute"/>
  <testcase name="Inventory.store.BufferedImportLogDetail Ext object should be a valid Ext object" time="0" classname="PhantomJS_2_1_1_(Windows_8_0_0_0).Inventory.store.BufferedImportLogDetail"/>
  <testcase name="Inventory.store.BufferedImportLogDetail Ext object should have an alias of &quot;store.icbufferedimportlogdetail&quot;" time="0" classname="PhantomJS_2_1_1_(Windows_8_0_0_0).Inventory.store.BufferedImportLogDetail"/>
  <testcase name="Inventory.store.BufferedImportLogDetail Ext object config should have a storeId of &quot;BufferedImportLogDetail" time="0" classname="PhantomJS_2_1_1_(Windows_8_0_0_0).Inventory.store.BufferedImportLogDetail"/>
  <testcase name="Inventory.store.BufferedImportLogDetail Ext object config model should exists" time="0" classname="PhantomJS_2_1_1_(Windows_8_0_0_0).Inventory.store.BufferedImportLogDetail"/>
  <testcase name="Inventory.store.BufferedImportLogDetail Ext object config model should have a model named &quot;Inventory.model.ImportLogDetail&quot;" time="0" classname="PhantomJS_2_1_1_(Windows_8_0_0_0).Inventory.store.BufferedImportLogDetail"/>
  <testcase name="Inventory.store.BufferedImportLogDetail Ext object config proxy should have a proxy" time="0" classname="PhantomJS_2_1_1_(Windows_8_0_0_0).Inventory.store.BufferedImportLogDetail"/>
  <testcase name="Inventory.store.BufferedImportLogDetail Ext object config proxy should be of type &quot;rest&quot;" time="0" classname="PhantomJS_2_1_1_(Windows_8_0_0_0).Inventory.store.BufferedImportLogDetail"/>
  <testcase name="Inventory.store.BufferedImportLogDetail Ext object config proxy api should have the correct api URIs" time="0" classname="PhantomJS_2_1_1_(Windows_8_0_0_0).Inventory.store.BufferedImportLogDetail"/>
  <testcase name="Inventory.store.BufferedImportLogDetail Ext object config proxy api &quot;read&quot; URI should be &quot;./inventory/api/importlogdetail/searchimportlogdetails&quot;" time="0" classname="PhantomJS_2_1_1_(Windows_8_0_0_0).Inventory.store.BufferedImportLogDetail"/>
  <testcase name="Inventory.store.BufferedImportLog Ext object should be a valid Ext object" time="0.001" classname="PhantomJS_2_1_1_(Windows_8_0_0_0).Inventory.store.BufferedImportLog"/>
  <testcase name="Inventory.store.BufferedImportLog Ext object should have an alias of &quot;store.icbufferedimportlog&quot;" time="0" classname="PhantomJS_2_1_1_(Windows_8_0_0_0).Inventory.store.BufferedImportLog"/>
  <testcase name="Inventory.store.BufferedImportLog Ext object config should have a storeId of &quot;BufferedImportLog" time="0" classname="PhantomJS_2_1_1_(Windows_8_0_0_0).Inventory.store.BufferedImportLog"/>
  <testcase name="Inventory.store.BufferedImportLog Ext object config model should exists" time="0.001" classname="PhantomJS_2_1_1_(Windows_8_0_0_0).Inventory.store.BufferedImportLog"/>
  <testcase name="Inventory.store.BufferedImportLog Ext object config model should have a model named &quot;Inventory.model.ImportLog&quot;" time="0" classname="PhantomJS_2_1_1_(Windows_8_0_0_0).Inventory.store.BufferedImportLog"/>
  <testcase name="Inventory.store.BufferedImportLog Ext object config proxy should have a proxy" time="0" classname="PhantomJS_2_1_1_(Windows_8_0_0_0).Inventory.store.BufferedImportLog"/>
  <testcase name="Inventory.store.BufferedImportLog Ext object config proxy should be of type &quot;rest&quot;" time="0" classname="PhantomJS_2_1_1_(Windows_8_0_0_0).Inventory.store.BufferedImportLog"/>
  <testcase name="Inventory.store.BufferedImportLog Ext object config proxy api should have the correct api URIs" time="0" classname="PhantomJS_2_1_1_(Windows_8_0_0_0).Inventory.store.BufferedImportLog"/>
  <testcase name="Inventory.store.BufferedImportLog Ext object config proxy api &quot;read&quot; URI should be &quot;./inventory/api/importlog/searchimportlogs&quot;" time="0" classname="PhantomJS_2_1_1_(Windows_8_0_0_0).Inventory.store.BufferedImportLog"/>
  <testcase name="Inventory.store.BufferedInventoryCountDetail Ext object should be a valid Ext object" time="0" classname="PhantomJS_2_1_1_(Windows_8_0_0_0).Inventory.store.BufferedInventoryCountDetail"/>
  <testcase name="Inventory.store.BufferedInventoryCountDetail Ext object should have an alias of &quot;store.icbufferedinventorycountdetail&quot;" time="0" classname="PhantomJS_2_1_1_(Windows_8_0_0_0).Inventory.store.BufferedInventoryCountDetail"/>
  <testcase name="Inventory.store.BufferedInventoryCountDetail Ext object config should have a storeId of &quot;BufferedInventoryCountDetail" time="0" classname="PhantomJS_2_1_1_(Windows_8_0_0_0).Inventory.store.BufferedInventoryCountDetail"/>
  <testcase name="Inventory.store.BufferedInventoryCountDetail Ext object config model should exists" time="0" classname="PhantomJS_2_1_1_(Windows_8_0_0_0).Inventory.store.BufferedInventoryCountDetail"/>
  <testcase name="Inventory.store.BufferedInventoryCountDetail Ext object config model should have a model named &quot;Inventory.model.InventoryCountDetail&quot;" time="0" classname="PhantomJS_2_1_1_(Windows_8_0_0_0).Inventory.store.BufferedInventoryCountDetail"/>
  <testcase name="Inventory.store.BufferedInventoryCountDetail Ext object config proxy should have a proxy" time="0" classname="PhantomJS_2_1_1_(Windows_8_0_0_0).Inventory.store.BufferedInventoryCountDetail"/>
  <testcase name="Inventory.store.BufferedInventoryCountDetail Ext object config proxy should be of type &quot;rest&quot;" time="0" classname="PhantomJS_2_1_1_(Windows_8_0_0_0).Inventory.store.BufferedInventoryCountDetail"/>
  <testcase name="Inventory.store.BufferedInventoryCountDetail Ext object config proxy api should have the correct api URIs" time="0" classname="PhantomJS_2_1_1_(Windows_8_0_0_0).Inventory.store.BufferedInventoryCountDetail"/>
  <testcase name="Inventory.store.BufferedInventoryCountDetail Ext object config proxy api &quot;create&quot; URI should be &quot;./inventory/api/inventorycountdetail/post&quot;" time="0" classname="PhantomJS_2_1_1_(Windows_8_0_0_0).Inventory.store.BufferedInventoryCountDetail"/>
  <testcase name="Inventory.store.BufferedInventoryCountDetail Ext object config proxy api &quot;read&quot; URI should be &quot;./inventory/api/inventorycount/getinventorycountdetails&quot;" time="0" classname="PhantomJS_2_1_1_(Windows_8_0_0_0).Inventory.store.BufferedInventoryCountDetail"/>
  <testcase name="Inventory.store.BufferedInventoryCountDetail Ext object config proxy api &quot;update&quot; URI should be &quot;./inventory/api/inventorycountdetail/updatedetail&quot;" time="0" classname="PhantomJS_2_1_1_(Windows_8_0_0_0).Inventory.store.BufferedInventoryCountDetail"/>
  <testcase name="Inventory.store.BufferedInventoryCountStockItem Ext object should be a valid Ext object" time="0" classname="PhantomJS_2_1_1_(Windows_8_0_0_0).Inventory.store.BufferedInventoryCountStockItem"/>
  <testcase name="Inventory.store.BufferedInventoryCountStockItem Ext object should have an alias of &quot;store.icbufferedinventorycountstockitem&quot;" time="0" classname="PhantomJS_2_1_1_(Windows_8_0_0_0).Inventory.store.BufferedInventoryCountStockItem"/>
  <testcase name="Inventory.store.BufferedInventoryCountStockItem Ext object config should have a storeId of &quot;InventoryCountStockItem" time="0" classname="PhantomJS_2_1_1_(Windows_8_0_0_0).Inventory.store.BufferedInventoryCountStockItem"/>
  <testcase name="Inventory.store.BufferedInventoryCountStockItem Ext object config model should exists" time="0" classname="PhantomJS_2_1_1_(Windows_8_0_0_0).Inventory.store.BufferedInventoryCountStockItem"/>
  <testcase name="Inventory.store.BufferedInventoryCountStockItem Ext object config model should have a model named &quot;Inventory.model.InventoryCountStockItem&quot;" time="0" classname="PhantomJS_2_1_1_(Windows_8_0_0_0).Inventory.store.BufferedInventoryCountStockItem"/>
  <testcase name="Inventory.store.BufferedInventoryCountStockItem Ext object config proxy should have a proxy" time="0" classname="PhantomJS_2_1_1_(Windows_8_0_0_0).Inventory.store.BufferedInventoryCountStockItem"/>
  <testcase name="Inventory.store.BufferedInventoryCountStockItem Ext object config proxy should be of type &quot;rest&quot;" time="0" classname="PhantomJS_2_1_1_(Windows_8_0_0_0).Inventory.store.BufferedInventoryCountStockItem"/>
  <testcase name="Inventory.store.BufferedInventoryCountStockItem Ext object config proxy api should have the correct api URIs" time="0" classname="PhantomJS_2_1_1_(Windows_8_0_0_0).Inventory.store.BufferedInventoryCountStockItem"/>
  <testcase name="Inventory.store.BufferedInventoryCountStockItem Ext object config proxy api &quot;read&quot; URI should be &quot;./inventory/api/itemstock/getinventorycountitemstocklookup&quot;" time="0" classname="PhantomJS_2_1_1_(Windows_8_0_0_0).Inventory.store.BufferedInventoryCountStockItem"/>
  <testcase name="Inventory.store.BufferedInventoryTag Ext object should be a valid Ext object" time="0" classname="PhantomJS_2_1_1_(Windows_8_0_0_0).Inventory.store.BufferedInventoryTag"/>
  <testcase name="Inventory.store.BufferedInventoryTag Ext object should have an alias of &quot;store.icbufferedtag&quot;" time="0" classname="PhantomJS_2_1_1_(Windows_8_0_0_0).Inventory.store.BufferedInventoryTag"/>
  <testcase name="Inventory.store.BufferedInventoryTag Ext object config should have a storeId of &quot;BufferedTag" time="0" classname="PhantomJS_2_1_1_(Windows_8_0_0_0).Inventory.store.BufferedInventoryTag"/>
  <testcase name="Inventory.store.BufferedInventoryTag Ext object config model should exists" time="0" classname="PhantomJS_2_1_1_(Windows_8_0_0_0).Inventory.store.BufferedInventoryTag"/>
  <testcase name="Inventory.store.BufferedInventoryTag Ext object config model should have a model named &quot;Inventory.model.InventoryTag&quot;" time="0" classname="PhantomJS_2_1_1_(Windows_8_0_0_0).Inventory.store.BufferedInventoryTag"/>
  <testcase name="Inventory.store.BufferedInventoryTag Ext object config proxy should have a proxy" time="0" classname="PhantomJS_2_1_1_(Windows_8_0_0_0).Inventory.store.BufferedInventoryTag"/>
  <testcase name="Inventory.store.BufferedInventoryTag Ext object config proxy should be of type &quot;rest&quot;" time="0.001" classname="PhantomJS_2_1_1_(Windows_8_0_0_0).Inventory.store.BufferedInventoryTag"/>
  <testcase name="Inventory.store.BufferedInventoryTag Ext object config proxy api should have the correct api URIs" time="0" classname="PhantomJS_2_1_1_(Windows_8_0_0_0).Inventory.store.BufferedInventoryTag"/>
  <testcase name="Inventory.store.BufferedInventoryTag Ext object config proxy api &quot;read&quot; URI should be &quot;./inventory/api/tag/search&quot;" time="0" classname="PhantomJS_2_1_1_(Windows_8_0_0_0).Inventory.store.BufferedInventoryTag"/>
  <testcase name="Inventory.store.BufferedInventoryValuation Ext object should be a valid Ext object" time="0" classname="PhantomJS_2_1_1_(Windows_8_0_0_0).Inventory.store.BufferedInventoryValuation"/>
  <testcase name="Inventory.store.BufferedInventoryValuation Ext object should have an alias of &quot;store.icbufferedinventoryvaluation&quot;" time="0" classname="PhantomJS_2_1_1_(Windows_8_0_0_0).Inventory.store.BufferedInventoryValuation"/>
  <testcase name="Inventory.store.BufferedInventoryValuation Ext object config should have a storeId of &quot;BufferedInventoryValuation" time="0.001" classname="PhantomJS_2_1_1_(Windows_8_0_0_0).Inventory.store.BufferedInventoryValuation"/>
  <testcase name="Inventory.store.BufferedInventoryValuation Ext object config model should exists" time="0" classname="PhantomJS_2_1_1_(Windows_8_0_0_0).Inventory.store.BufferedInventoryValuation"/>
  <testcase name="Inventory.store.BufferedInventoryValuation Ext object config model should have a model named &quot;Inventory.model.InventoryValuation&quot;" time="0" classname="PhantomJS_2_1_1_(Windows_8_0_0_0).Inventory.store.BufferedInventoryValuation"/>
  <testcase name="Inventory.store.BufferedInventoryValuation Ext object config proxy should have a proxy" time="0" classname="PhantomJS_2_1_1_(Windows_8_0_0_0).Inventory.store.BufferedInventoryValuation"/>
  <testcase name="Inventory.store.BufferedInventoryValuation Ext object config proxy should be of type &quot;rest&quot;" time="0" classname="PhantomJS_2_1_1_(Windows_8_0_0_0).Inventory.store.BufferedInventoryValuation"/>
  <testcase name="Inventory.store.BufferedInventoryValuation Ext object config proxy api should have the correct api URIs" time="0" classname="PhantomJS_2_1_1_(Windows_8_0_0_0).Inventory.store.BufferedInventoryValuation"/>
  <testcase name="Inventory.store.BufferedInventoryValuation Ext object config proxy api &quot;read&quot; URI should be &quot;./inventory/api/item/searchinventoryvaluation&quot;" time="0" classname="PhantomJS_2_1_1_(Windows_8_0_0_0).Inventory.store.BufferedInventoryValuation"/>
  <testcase name="Inventory.store.BufferedItemAccountView Ext object should be a valid Ext object" time="0" classname="PhantomJS_2_1_1_(Windows_8_0_0_0).Inventory.store.BufferedItemAccountView"/>
  <testcase name="Inventory.store.BufferedItemAccountView Ext object should have an alias of &quot;store.icbuffereditemaccountview&quot;" time="0" classname="PhantomJS_2_1_1_(Windows_8_0_0_0).Inventory.store.BufferedItemAccountView"/>
  <testcase name="Inventory.store.BufferedItemAccountView Ext object config should have a storeId of &quot;BufferedItemAccountView" time="0" classname="PhantomJS_2_1_1_(Windows_8_0_0_0).Inventory.store.BufferedItemAccountView"/>
  <testcase name="Inventory.store.BufferedItemAccountView Ext object config model should exists" time="0" classname="PhantomJS_2_1_1_(Windows_8_0_0_0).Inventory.store.BufferedItemAccountView"/>
  <testcase name="Inventory.store.BufferedItemAccountView Ext object config model should have a model named &quot;Inventory.model.ItemAccountView&quot;" time="0" classname="PhantomJS_2_1_1_(Windows_8_0_0_0).Inventory.store.BufferedItemAccountView"/>
  <testcase name="Inventory.store.BufferedItemAccountView Ext object config proxy should have a proxy" time="0" classname="PhantomJS_2_1_1_(Windows_8_0_0_0).Inventory.store.BufferedItemAccountView"/>
  <testcase name="Inventory.store.BufferedItemAccountView Ext object config proxy should be of type &quot;rest&quot;" time="0.001" classname="PhantomJS_2_1_1_(Windows_8_0_0_0).Inventory.store.BufferedItemAccountView"/>
  <testcase name="Inventory.store.BufferedItemAccountView Ext object config proxy api should have the correct api URIs" time="0" classname="PhantomJS_2_1_1_(Windows_8_0_0_0).Inventory.store.BufferedItemAccountView"/>
  <testcase name="Inventory.store.BufferedItemAccountView Ext object config proxy api &quot;read&quot; URI should be &quot;./inventory/api/item/searchitemaccounts&quot;" time="0" classname="PhantomJS_2_1_1_(Windows_8_0_0_0).Inventory.store.BufferedItemAccountView"/>
  <testcase name="Inventory.store.BufferedItemCommodity Ext object should be a valid Ext object" time="0" classname="PhantomJS_2_1_1_(Windows_8_0_0_0).Inventory.store.BufferedItemCommodity"/>
  <testcase name="Inventory.store.BufferedItemCommodity Ext object should have an alias of &quot;store.icbuffereditemcommodity&quot;" time="0" classname="PhantomJS_2_1_1_(Windows_8_0_0_0).Inventory.store.BufferedItemCommodity"/>
  <testcase name="Inventory.store.BufferedItemCommodity Ext object config should have a storeId of &quot;BufferedItemCommodity" time="0" classname="PhantomJS_2_1_1_(Windows_8_0_0_0).Inventory.store.BufferedItemCommodity"/>
  <testcase name="Inventory.store.BufferedItemCommodity Ext object config model should exists" time="0" classname="PhantomJS_2_1_1_(Windows_8_0_0_0).Inventory.store.BufferedItemCommodity"/>
  <testcase name="Inventory.store.BufferedItemCommodity Ext object config model should have a model named &quot;Inventory.model.CompactItem&quot;" time="0" classname="PhantomJS_2_1_1_(Windows_8_0_0_0).Inventory.store.BufferedItemCommodity"/>
  <testcase name="Inventory.store.BufferedItemCommodity Ext object config proxy should have a proxy" time="0" classname="PhantomJS_2_1_1_(Windows_8_0_0_0).Inventory.store.BufferedItemCommodity"/>
  <testcase name="Inventory.store.BufferedItemCommodity Ext object config proxy should be of type &quot;rest&quot;" time="0" classname="PhantomJS_2_1_1_(Windows_8_0_0_0).Inventory.store.BufferedItemCommodity"/>
  <testcase name="Inventory.store.BufferedItemCommodity Ext object config proxy api should have the correct api URIs" time="0" classname="PhantomJS_2_1_1_(Windows_8_0_0_0).Inventory.store.BufferedItemCommodity"/>
  <testcase name="Inventory.store.BufferedItemCommodity Ext object config proxy api &quot;read&quot; URI should be &quot;./inventory/api/item/searchitemcommodities&quot;" time="0" classname="PhantomJS_2_1_1_(Windows_8_0_0_0).Inventory.store.BufferedItemCommodity"/>
  <testcase name="Inventory.store.BufferedItemFactoryManufacturingCell Ext object should be a valid Ext object" time="0" classname="PhantomJS_2_1_1_(Windows_8_0_0_0).Inventory.store.BufferedItemFactoryManufacturingCell"/>
  <testcase name="Inventory.store.BufferedItemFactoryManufacturingCell Ext object should have an alias of &quot;store.icbuffereditemfactorymanufacturingcell&quot;" time="0" classname="PhantomJS_2_1_1_(Windows_8_0_0_0).Inventory.store.BufferedItemFactoryManufacturingCell"/>
  <testcase name="Inventory.store.BufferedItemFactoryManufacturingCell Ext object config should have a storeId of &quot;BufferedItemFactoryManufacturingCell" time="0" classname="PhantomJS_2_1_1_(Windows_8_0_0_0).Inventory.store.BufferedItemFactoryManufacturingCell"/>
  <testcase name="Inventory.store.BufferedItemFactoryManufacturingCell Ext object config model should exists" time="0" classname="PhantomJS_2_1_1_(Windows_8_0_0_0).Inventory.store.BufferedItemFactoryManufacturingCell"/>
  <testcase name="Inventory.store.BufferedItemFactoryManufacturingCell Ext object config model should have a model named &quot;Inventory.model.CompactItemFactoryManufacturingCell&quot;" time="0" classname="PhantomJS_2_1_1_(Windows_8_0_0_0).Inventory.store.BufferedItemFactoryManufacturingCell"/>
  <testcase name="Inventory.store.BufferedItemFactoryManufacturingCell Ext object config proxy should have a proxy" time="0" classname="PhantomJS_2_1_1_(Windows_8_0_0_0).Inventory.store.BufferedItemFactoryManufacturingCell"/>
  <testcase name="Inventory.store.BufferedItemFactoryManufacturingCell Ext object config proxy should be of type &quot;rest&quot;" time="0" classname="PhantomJS_2_1_1_(Windows_8_0_0_0).Inventory.store.BufferedItemFactoryManufacturingCell"/>
  <testcase name="Inventory.store.BufferedItemFactoryManufacturingCell Ext object config proxy api should have the correct api URIs" time="0" classname="PhantomJS_2_1_1_(Windows_8_0_0_0).Inventory.store.BufferedItemFactoryManufacturingCell"/>
  <testcase name="Inventory.store.BufferedItemFactoryManufacturingCell Ext object config proxy api &quot;read&quot; URI should be &quot;./inventory/api/itemfactory/searchitemfactorymanufacturingcells&quot;" time="0" classname="PhantomJS_2_1_1_(Windows_8_0_0_0).Inventory.store.BufferedItemFactoryManufacturingCell"/>
  <testcase name="Inventory.store.BufferedItemFactory Ext object should be a valid Ext object" time="0" classname="PhantomJS_2_1_1_(Windows_8_0_0_0).Inventory.store.BufferedItemFactory"/>
  <testcase name="Inventory.store.BufferedItemFactory Ext object should have an alias of &quot;store.icbuffereditemfactory&quot;" time="0.001" classname="PhantomJS_2_1_1_(Windows_8_0_0_0).Inventory.store.BufferedItemFactory"/>
  <testcase name="Inventory.store.BufferedItemFactory Ext object config should have a storeId of &quot;BufferedItemFactory" time="0" classname="PhantomJS_2_1_1_(Windows_8_0_0_0).Inventory.store.BufferedItemFactory"/>
  <testcase name="Inventory.store.BufferedItemFactory Ext object config model should exists" time="0" classname="PhantomJS_2_1_1_(Windows_8_0_0_0).Inventory.store.BufferedItemFactory"/>
  <testcase name="Inventory.store.BufferedItemFactory Ext object config model should have a model named &quot;Inventory.model.CompactItemFactory&quot;" time="0.001" classname="PhantomJS_2_1_1_(Windows_8_0_0_0).Inventory.store.BufferedItemFactory"/>
  <testcase name="Inventory.store.BufferedItemFactory Ext object config proxy should have a proxy" time="0" classname="PhantomJS_2_1_1_(Windows_8_0_0_0).Inventory.store.BufferedItemFactory"/>
  <testcase name="Inventory.store.BufferedItemFactory Ext object config proxy should be of type &quot;rest&quot;" time="0" classname="PhantomJS_2_1_1_(Windows_8_0_0_0).Inventory.store.BufferedItemFactory"/>
  <testcase name="Inventory.store.BufferedItemFactory Ext object config proxy api should have the correct api URIs" time="0.001" classname="PhantomJS_2_1_1_(Windows_8_0_0_0).Inventory.store.BufferedItemFactory"/>
[...]
  <testcase name="Inventory.store.StorageMeasurementReading Ext object config proxy api &quot;create&quot; URI should be &quot;./inventory/api/storagemeasurementreading/post&quot;" time="0" classname="PhantomJS_2_1_1_(Windows_8_0_0_0).Inventory.store.StorageMeasurementReading"/>
  <testcase name="Inventory.store.StorageMeasurementReading Ext object config proxy api &quot;read&quot; URI should be &quot;./inventory/api/storagemeasurementreading/get&quot;" time="0" classname="PhantomJS_2_1_1_(Windows_8_0_0_0).Inventory.store.StorageMeasurementReading"/>
  <testcase name="Inventory.store.StorageMeasurementReading Ext object config proxy api &quot;update&quot; URI should be &quot;./inventory/api/storagemeasurementreading/put&quot;" time="0" classname="PhantomJS_2_1_1_(Windows_8_0_0_0).Inventory.store.StorageMeasurementReading"/>
  <testcase name="Inventory.view.StorageMeasurementReadingViewModel should be a valid view model class." time="0" classname="PhantomJS_2_1_1_(Windows_8_0_0_0).Inventory.view.StorageMeasurementReadingViewModel">
    <skipped/>
  </testcase>
  <testcase name="Inventory.model.StorageType Ext object should be a valid Ext object" time="0.001" classname="PhantomJS_2_1_1_(Windows_8_0_0_0).Inventory.model.StorageType"/>
  <testcase name="Inventory.model.StorageType config should exists" time="0" classname="PhantomJS_2_1_1_(Windows_8_0_0_0).Inventory.model.StorageType"/>
  <testcase name="Inventory.model.StorageType config should be derived from iRely.BaseEntity" time="0" classname="PhantomJS_2_1_1_(Windows_8_0_0_0).Inventory.model.StorageType"/>
  <testcase name="Inventory.model.StorageType config should have an idProperty" time="0" classname="PhantomJS_2_1_1_(Windows_8_0_0_0).Inventory.model.StorageType"/>
  <testcase name="Inventory.model.StorageType config fields should have the correct fields" time="0.001" classname="PhantomJS_2_1_1_(Windows_8_0_0_0).Inventory.model.StorageType"/>
  <testcase name="Inventory.model.StorageType config fields should have reference model(s)" time="0" classname="PhantomJS_2_1_1_(Windows_8_0_0_0).Inventory.model.StorageType"/>
  <testcase name="Inventory.model.StorageUnitStock Ext object should be a valid Ext object" time="0" classname="PhantomJS_2_1_1_(Windows_8_0_0_0).Inventory.model.StorageUnitStock"/>
  <testcase name="Inventory.model.StorageUnitStock config should exists" time="0" classname="PhantomJS_2_1_1_(Windows_8_0_0_0).Inventory.model.StorageUnitStock"/>
  <testcase name="Inventory.model.StorageUnitStock config should be derived from iRely.BaseEntity" time="0" classname="PhantomJS_2_1_1_(Windows_8_0_0_0).Inventory.model.StorageUnitStock"/>
  <testcase name="Inventory.model.StorageUnitStock config should have an idProperty" time="0" classname="PhantomJS_2_1_1_(Windows_8_0_0_0).Inventory.model.StorageUnitStock"/>
  <testcase name="Inventory.model.StorageUnitStock config fields should have the correct fields" time="0.001" classname="PhantomJS_2_1_1_(Windows_8_0_0_0).Inventory.model.StorageUnitStock"/>
  <testcase name="Inventory.model.StorageUnitStock config fields should have reference model(s)" time="0" classname="PhantomJS_2_1_1_(Windows_8_0_0_0).Inventory.model.StorageUnitStock"/>
  <testcase name="Inventory.model.StorageUnitType Ext object should be a valid Ext object" time="0" classname="PhantomJS_2_1_1_(Windows_8_0_0_0).Inventory.model.StorageUnitType"/>
  <testcase name="Inventory.model.StorageUnitType config should exists" time="0" classname="PhantomJS_2_1_1_(Windows_8_0_0_0).Inventory.model.StorageUnitType"/>
  <testcase name="Inventory.model.StorageUnitType config should be derived from iRely.BaseEntity" time="0" classname="PhantomJS_2_1_1_(Windows_8_0_0_0).Inventory.model.StorageUnitType"/>
  <testcase name="Inventory.model.StorageUnitType config should have an idProperty" time="0" classname="PhantomJS_2_1_1_(Windows_8_0_0_0).Inventory.model.StorageUnitType"/>
  <testcase name="Inventory.model.StorageUnitType config fields should have the correct fields" time="0.002" classname="PhantomJS_2_1_1_(Windows_8_0_0_0).Inventory.model.StorageUnitType"/>
  <testcase name="Inventory.model.StorageUnitType config fields should have reference model(s)" time="0" classname="PhantomJS_2_1_1_(Windows_8_0_0_0).Inventory.model.StorageUnitType"/>
  <testcase name="Inventory.store.StorageUnitType Ext object should be a valid Ext object" time="0" classname="PhantomJS_2_1_1_(Windows_8_0_0_0).Inventory.store.StorageUnitType"/>
  <testcase name="Inventory.store.StorageUnitType Ext object config should have a storeId of &quot;StorageUnitType" time="0" classname="PhantomJS_2_1_1_(Windows_8_0_0_0).Inventory.store.StorageUnitType"/>
  <testcase name="Inventory.store.StorageUnitType Ext object config model should exists" time="0.001" classname="PhantomJS_2_1_1_(Windows_8_0_0_0).Inventory.store.StorageUnitType"/>
  <testcase name="Inventory.store.StorageUnitType Ext object config model should have a model named &quot;Inventory.model.StorageUnitType&quot;" time="0" classname="PhantomJS_2_1_1_(Windows_8_0_0_0).Inventory.store.StorageUnitType"/>
  <testcase name="Inventory.store.StorageUnitType Ext object config proxy should have a proxy" time="0" classname="PhantomJS_2_1_1_(Windows_8_0_0_0).Inventory.store.StorageUnitType"/>
  <testcase name="Inventory.store.StorageUnitType Ext object config proxy should be of type &quot;rest&quot;" time="0" classname="PhantomJS_2_1_1_(Windows_8_0_0_0).Inventory.store.StorageUnitType"/>
  <testcase name="Inventory.store.StorageUnitType Ext object config proxy api should have the correct api URIs" time="0.001" classname="PhantomJS_2_1_1_(Windows_8_0_0_0).Inventory.store.StorageUnitType"/>
  <testcase name="Inventory.store.StorageUnitType Ext object config proxy api &quot;create&quot; URI should be &quot;./inventory/api/storageunittype/post&quot;" time="0" classname="PhantomJS_2_1_1_(Windows_8_0_0_0).Inventory.store.StorageUnitType"/>
  <testcase name="Inventory.store.StorageUnitType Ext object config proxy api &quot;read&quot; URI should be &quot;./inventory/api/storageunittype/get&quot;" time="0" classname="PhantomJS_2_1_1_(Windows_8_0_0_0).Inventory.store.StorageUnitType"/>
  <testcase name="Inventory.store.StorageUnitType Ext object config proxy api &quot;update&quot; URI should be &quot;./inventory/api/storageunittype/put&quot;" time="0" classname="PhantomJS_2_1_1_(Windows_8_0_0_0).Inventory.store.StorageUnitType"/>
  <testcase name="Inventory.view.StorageUnitTypeViewController should exist" time="0.001" classname="PhantomJS_2_1_1_(Windows_8_0_0_0).Inventory.view.StorageUnitTypeViewController"/>
  <testcase name="Inventory.view.StorageUnitTypeViewController should be derived from Ext.app.ViewController" time="0" classname="PhantomJS_2_1_1_(Windows_8_0_0_0).Inventory.view.StorageUnitTypeViewController"/>
  <testcase name="Inventory.view.StorageUnitTypeViewController should have a config" time="0" classname="PhantomJS_2_1_1_(Windows_8_0_0_0).Inventory.view.StorageUnitTypeViewController"/>
  <testcase name="Inventory.view.StorageUnitTypeViewModel should be a valid view model class." time="0" classname="PhantomJS_2_1_1_(Windows_8_0_0_0).Inventory.view.StorageUnitTypeViewModel">
    <skipped/>
  </testcase>
  <testcase name="Inventory.view.StorageUnitViewController should exist" time="0" classname="PhantomJS_2_1_1_(Windows_8_0_0_0).Inventory.view.StorageUnitViewController"/>
  <testcase name="Inventory.view.StorageUnitViewController should be derived from Ext.app.ViewController" time="0" classname="PhantomJS_2_1_1_(Windows_8_0_0_0).Inventory.view.StorageUnitViewController"/>
  <testcase name="Inventory.view.StorageUnitViewController should have a config" time="0" classname="PhantomJS_2_1_1_(Windows_8_0_0_0).Inventory.view.StorageUnitViewController"/>
  <testcase name="Inventory.view.StorageUnitViewModel should be a valid view model class." time="0" classname="PhantomJS_2_1_1_(Windows_8_0_0_0).Inventory.view.StorageUnitViewModel">
    <skipped/>
  </testcase>
  <testcase name="Inventory.store.Store Ext object should be a valid Ext object" time="0" classname="PhantomJS_2_1_1_(Windows_8_0_0_0).Inventory.store.Store"/>
  <testcase name="Inventory.store.Store Ext object should have an alias of &quot;store.storestore&quot;" time="0" classname="PhantomJS_2_1_1_(Windows_8_0_0_0).Inventory.store.Store"/>
  <testcase name="Inventory.store.Store Ext object config should have a storeId of &quot;Store" time="0.001" classname="PhantomJS_2_1_1_(Windows_8_0_0_0).Inventory.store.Store"/>
  <testcase name="Inventory.store.Store Ext object config proxy should have a proxy" time="0" classname="PhantomJS_2_1_1_(Windows_8_0_0_0).Inventory.store.Store"/>
  <testcase name="Inventory.store.Store Ext object config proxy should be of type &quot;rest&quot;" time="0" classname="PhantomJS_2_1_1_(Windows_8_0_0_0).Inventory.store.Store"/>
  <testcase name="Inventory.store.Store Ext object config proxy api should have the correct api URIs" time="0.001" classname="PhantomJS_2_1_1_(Windows_8_0_0_0).Inventory.store.Store"/>
  <testcase name="Inventory.store.Store Ext object config proxy api &quot;read&quot; URI should be &quot;./inventory/api/store/getstores&quot;" time="0" classname="PhantomJS_2_1_1_(Windows_8_0_0_0).Inventory.store.Store"/>
  <testcase name="Inventory.view.TaxDetailsViewModel should be a valid view model class." time="0" classname="PhantomJS_2_1_1_(Windows_8_0_0_0).Inventory.view.TaxDetailsViewModel">
    <skipped/>
  </testcase>
  <testcase name="Inventory.model.TransferDetail Ext object should be a valid Ext object" time="0" classname="PhantomJS_2_1_1_(Windows_8_0_0_0).Inventory.model.TransferDetail"/>
  <testcase name="Inventory.model.TransferDetail config should exists" time="0" classname="PhantomJS_2_1_1_(Windows_8_0_0_0).Inventory.model.TransferDetail"/>
  <testcase name="Inventory.model.TransferDetail config should be derived from iRely.BaseEntity" time="0" classname="PhantomJS_2_1_1_(Windows_8_0_0_0).Inventory.model.TransferDetail"/>
  <testcase name="Inventory.model.TransferDetail config should have an idProperty" time="0" classname="PhantomJS_2_1_1_(Windows_8_0_0_0).Inventory.model.TransferDetail"/>
  <testcase name="Inventory.model.TransferDetail config fields should have the correct fields" time="0.004" classname="PhantomJS_2_1_1_(Windows_8_0_0_0).Inventory.model.TransferDetail"/>
  <testcase name="Inventory.model.TransferDetail config fields should have reference model(s)" time="0" classname="PhantomJS_2_1_1_(Windows_8_0_0_0).Inventory.model.TransferDetail"/>
  <testcase name="Inventory.model.TransferNote Ext object should be a valid Ext object" time="0" classname="PhantomJS_2_1_1_(Windows_8_0_0_0).Inventory.model.TransferNote"/>
  <testcase name="Inventory.model.TransferNote config should exists" time="0" classname="PhantomJS_2_1_1_(Windows_8_0_0_0).Inventory.model.TransferNote"/>
  <testcase name="Inventory.model.TransferNote config should be derived from iRely.BaseEntity" time="0" classname="PhantomJS_2_1_1_(Windows_8_0_0_0).Inventory.model.TransferNote"/>
  <testcase name="Inventory.model.TransferNote config should have an idProperty" time="0" classname="PhantomJS_2_1_1_(Windows_8_0_0_0).Inventory.model.TransferNote"/>
  <testcase name="Inventory.model.TransferNote config fields should have the correct fields" time="0.001" classname="PhantomJS_2_1_1_(Windows_8_0_0_0).Inventory.model.TransferNote"/>
  <testcase name="Inventory.model.TransferNote config fields should have reference model(s)" time="0" classname="PhantomJS_2_1_1_(Windows_8_0_0_0).Inventory.model.TransferNote"/>
  <testcase name="Inventory.model.Transfer Ext object should be a valid Ext object" time="0" classname="PhantomJS_2_1_1_(Windows_8_0_0_0).Inventory.model.Transfer"/>
  <testcase name="Inventory.model.Transfer config should exists" time="0" classname="PhantomJS_2_1_1_(Windows_8_0_0_0).Inventory.model.Transfer"/>
  <testcase name="Inventory.model.Transfer config should be derived from iRely.BaseEntity" time="0" classname="PhantomJS_2_1_1_(Windows_8_0_0_0).Inventory.model.Transfer"/>
  <testcase name="Inventory.model.Transfer config should have an idProperty" time="0" classname="PhantomJS_2_1_1_(Windows_8_0_0_0).Inventory.model.Transfer"/>
  <testcase name="Inventory.model.Transfer config fields should have the correct fields" time="0.001" classname="PhantomJS_2_1_1_(Windows_8_0_0_0).Inventory.model.Transfer"/>
  <testcase name="Inventory.model.Transfer config fields should have reference model(s)" time="0" classname="PhantomJS_2_1_1_(Windows_8_0_0_0).Inventory.model.Transfer"/>
  <testcase name="Inventory.store.Transfer Ext object should be a valid Ext object" time="0" classname="PhantomJS_2_1_1_(Windows_8_0_0_0).Inventory.store.Transfer"/>
  <testcase name="Inventory.store.Transfer Ext object should have an alias of &quot;store.ictransfer&quot;" time="0" classname="PhantomJS_2_1_1_(Windows_8_0_0_0).Inventory.store.Transfer"/>
  <testcase name="Inventory.store.Transfer Ext object config should have a storeId of &quot;Transfer" time="0.001" classname="PhantomJS_2_1_1_(Windows_8_0_0_0).Inventory.store.Transfer"/>
  <testcase name="Inventory.store.Transfer Ext object config model should exists" time="0" classname="PhantomJS_2_1_1_(Windows_8_0_0_0).Inventory.store.Transfer"/>
  <testcase name="Inventory.store.Transfer Ext object config model should have a model named &quot;Inventory.model.Transfer&quot;" time="0" classname="PhantomJS_2_1_1_(Windows_8_0_0_0).Inventory.store.Transfer"/>
  <testcase name="Inventory.store.Transfer Ext object config proxy should have a proxy" time="0" classname="PhantomJS_2_1_1_(Windows_8_0_0_0).Inventory.store.Transfer"/>
  <testcase name="Inventory.store.Transfer Ext object config proxy should be of type &quot;rest&quot;" time="0" classname="PhantomJS_2_1_1_(Windows_8_0_0_0).Inventory.store.Transfer"/>
  <testcase name="Inventory.store.Transfer Ext object config proxy api should have the correct api URIs" time="0" classname="PhantomJS_2_1_1_(Windows_8_0_0_0).Inventory.store.Transfer"/>
  <testcase name="Inventory.store.Transfer Ext object config proxy api &quot;create&quot; URI should be &quot;./inventory/api/inventorytransfer/post&quot;" time="0.001" classname="PhantomJS_2_1_1_(Windows_8_0_0_0).Inventory.store.Transfer"/>
  <testcase name="Inventory.store.Transfer Ext object config proxy api &quot;read&quot; URI should be &quot;./inventory/api/inventorytransfer/get&quot;" time="0" classname="PhantomJS_2_1_1_(Windows_8_0_0_0).Inventory.store.Transfer"/>
  <testcase name="Inventory.store.Transfer Ext object config proxy api &quot;update&quot; URI should be &quot;./inventory/api/inventorytransfer/put&quot;" time="0" classname="PhantomJS_2_1_1_(Windows_8_0_0_0).Inventory.store.Transfer"/>
  <testcase name="Inventory.model.UnitMeasureConversion Ext object should be a valid Ext object" time="0" classname="PhantomJS_2_1_1_(Windows_8_0_0_0).Inventory.model.UnitMeasureConversion"/>
  <testcase name="Inventory.model.UnitMeasureConversion config should exists" time="0" classname="PhantomJS_2_1_1_(Windows_8_0_0_0).Inventory.model.UnitMeasureConversion"/>
  <testcase name="Inventory.model.UnitMeasureConversion config should be derived from iRely.BaseEntity" time="0" classname="PhantomJS_2_1_1_(Windows_8_0_0_0).Inventory.model.UnitMeasureConversion"/>
  <testcase name="Inventory.model.UnitMeasureConversion config should have an idProperty" time="0" classname="PhantomJS_2_1_1_(Windows_8_0_0_0).Inventory.model.UnitMeasureConversion"/>
  <testcase name="Inventory.model.UnitMeasureConversion config fields should have the correct fields" time="0.001" classname="PhantomJS_2_1_1_(Windows_8_0_0_0).Inventory.model.UnitMeasureConversion"/>
  <testcase name="Inventory.model.UnitMeasureConversion config fields should have reference model(s)" time="0" classname="PhantomJS_2_1_1_(Windows_8_0_0_0).Inventory.model.UnitMeasureConversion"/>
  <testcase name="Inventory.model.UnitMeasure Ext object should be a valid Ext object" time="0.001" classname="PhantomJS_2_1_1_(Windows_8_0_0_0).Inventory.model.UnitMeasure"/>
  <testcase name="Inventory.model.UnitMeasure config should exists" time="0" classname="PhantomJS_2_1_1_(Windows_8_0_0_0).Inventory.model.UnitMeasure"/>
  <testcase name="Inventory.model.UnitMeasure config should be derived from iRely.BaseEntity" time="0" classname="PhantomJS_2_1_1_(Windows_8_0_0_0).Inventory.model.UnitMeasure"/>
  <testcase name="Inventory.model.UnitMeasure config should have an idProperty" time="0" classname="PhantomJS_2_1_1_(Windows_8_0_0_0).Inventory.model.UnitMeasure"/>
  <testcase name="Inventory.model.UnitMeasure config fields should have the correct fields" time="0.001" classname="PhantomJS_2_1_1_(Windows_8_0_0_0).Inventory.model.UnitMeasure"/>
  <testcase name="Inventory.model.UnitMeasure config fields should have reference model(s)" time="0" classname="PhantomJS_2_1_1_(Windows_8_0_0_0).Inventory.model.UnitMeasure"/>
  <testcase name="Inventory.store.UnitMeasure Ext object should be a valid Ext object" time="0" classname="PhantomJS_2_1_1_(Windows_8_0_0_0).Inventory.store.UnitMeasure"/>
  <testcase name="Inventory.store.UnitMeasure Ext object should have an alias of &quot;store.icuom&quot;" time="0" classname="PhantomJS_2_1_1_(Windows_8_0_0_0).Inventory.store.UnitMeasure"/>
  <testcase name="Inventory.store.UnitMeasure Ext object config should have a storeId of &quot;UnitMeasure" time="0" classname="PhantomJS_2_1_1_(Windows_8_0_0_0).Inventory.store.UnitMeasure"/>
  <testcase name="Inventory.store.UnitMeasure Ext object config model should exists" time="0.001" classname="PhantomJS_2_1_1_(Windows_8_0_0_0).Inventory.store.UnitMeasure"/>
  <testcase name="Inventory.store.UnitMeasure Ext object config model should have a model named &quot;Inventory.model.UnitMeasure&quot;" time="0" classname="PhantomJS_2_1_1_(Windows_8_0_0_0).Inventory.store.UnitMeasure"/>
  <testcase name="Inventory.store.UnitMeasure Ext object config proxy should have a proxy" time="0" classname="PhantomJS_2_1_1_(Windows_8_0_0_0).Inventory.store.UnitMeasure"/>
  <testcase name="Inventory.store.UnitMeasure Ext object config proxy should be of type &quot;rest&quot;" time="0" classname="PhantomJS_2_1_1_(Windows_8_0_0_0).Inventory.store.UnitMeasure"/>
  <testcase name="Inventory.store.UnitMeasure Ext object config proxy api should have the correct api URIs" time="0" classname="PhantomJS_2_1_1_(Windows_8_0_0_0).Inventory.store.UnitMeasure"/>
  <testcase name="Inventory.store.UnitMeasure Ext object config proxy api &quot;create&quot; URI should be &quot;./inventory/api/unitmeasure/post&quot;" time="0" classname="PhantomJS_2_1_1_(Windows_8_0_0_0).Inventory.store.UnitMeasure"/>
  <testcase name="Inventory.store.UnitMeasure Ext object config proxy api &quot;read&quot; URI should be &quot;./inventory/api/unitmeasure/get&quot;" time="0" classname="PhantomJS_2_1_1_(Windows_8_0_0_0).Inventory.store.UnitMeasure"/>
  <testcase name="Inventory.store.UnitMeasure Ext object config proxy api &quot;update&quot; URI should be &quot;./inventory/api/unitmeasure/put&quot;" time="0" classname="PhantomJS_2_1_1_(Windows_8_0_0_0).Inventory.store.UnitMeasure"/>
  <system-out>
    <![CDATA[PhantomJS 2.1.1 (Windows 8 0.0.0) WARN: '[W] [Ext.Loader] Synchronously loading 'Inventory.view.CompanyPreferenceOptionViewController'; consider adding Ext.require('Inventory.view.CompanyPreferenceOptionViewController') above Ext.onReady'
,PhantomJS 2.1.1 (Windows 8 0.0.0) WARN: '[W] [Ext.Loader] Synchronously loading 'Inventory.view.OriginConversionOptionViewController'; consider adding Ext.require('Inventory.view.OriginConversionOptionViewController') above Ext.onReady'
,PhantomJS 2.1.1 (Windows 8 0.0.0) WARN: '[W] [Ext.Loader] Synchronously loading 'Inventory.view.TaxDetailsViewController'; consider adding Ext.require('Inventory.view.TaxDetailsViewController') above Ext.onReady'
,PhantomJS 2.1.1 (Windows 8 0.0.0) ERROR: '[E] [Ext.Loader] Some requested files failed to load.'

]]>
  </system-out>
  <system-err/>
</testsuite>